{"meta": {"format": 3, "version": "7.10.5", "timestamp": "2025-09-03T13:34:17.658398", "branch_coverage": false, "show_contexts": false}, "files": {"atlasexplorer/__init__.py": {"executed_lines": [1, 24, 25, 28, 37, 38, 39, 40, 41, 42, 54, 55, 56, 57, 58, 59, 60, 77, 84, 147, 149, 151, 161, 170, 171], "summary": {"covered_lines": 24, "num_statements": 33, "percent_covered": 72.72727272727273, "percent_covered_display": "73", "missing_lines": 9, "excluded_lines": 0}, "missing_lines": [61, 62, 63, 69, 70, 71, 72, 73, 74], "excluded_lines": [], "functions": {"_warn_legacy_usage": {"executed_lines": [151], "summary": {"covered_lines": 1, "num_statements": 1, "percent_covered": 100.0, "percent_covered_display": "100", "missing_lines": 0, "excluded_lines": 0}, "missing_lines": [], "excluded_lines": []}, "": {"executed_lines": [1, 24, 25, 28, 37, 38, 39, 40, 41, 42, 54, 55, 56, 57, 58, 59, 60, 77, 84, 147, 149, 161, 170, 171], "summary": {"covered_lines": 23, "num_statements": 32, "percent_covered": 71.875, "percent_covered_display": "72", "missing_lines": 9, "excluded_lines": 0}, "missing_lines": [61, 62, 63, 69, 70, 71, 72, 73, 74], "excluded_lines": []}}, "classes": {"": {"executed_lines": [1, 24, 25, 28, 37, 38, 39, 40, 41, 42, 54, 55, 56, 57, 58, 59, 60, 77, 84, 147, 149, 151, 161, 170, 171], "summary": {"covered_lines": 24, "num_statements": 33, "percent_covered": 72.72727272727273, "percent_covered_display": "73", "missing_lines": 9, "excluded_lines": 0}, "missing_lines": [61, 62, 63, 69, 70, 71, 72, 73, 74], "excluded_lines": []}}}, "atlasexplorer/analysis/__init__.py": {"executed_lines": [1, 3, 4, 6], "summary": {"covered_lines": 3, "num_statements": 3, "percent_covered": 100.0, "percent_covered_display": "100", "missing_lines": 0, "excluded_lines": 0}, "missing_lines": [], "excluded_lines": [], "functions": {"": {"executed_lines": [1, 3, 4, 6], "summary": {"covered_lines": 3, "num_statements": 3, "percent_covered": 100.0, "percent_covered_display": "100", "missing_lines": 0, "excluded_lines": 0}, "missing_lines": [], "excluded_lines": []}}, "classes": {"": {"executed_lines": [1, 3, 4, 6], "summary": {"covered_lines": 3, "num_statements": 3, "percent_covered": 100.0, "percent_covered_display": "100", "missing_lines": 0, "excluded_lines": 0}, "missing_lines": [], "excluded_lines": []}}}, "atlasexplorer/analysis/elf_parser.py": {"executed_lines": [1, 7, 8, 9, 11, 14, 15, 24, 30, 32, 47, 49, 50, 51, 52, 54, 56, 57, 59, 60, 62, 63, 64, 65, 67, 69, 70, 72, 73, 74, 75, 76, 77, 80, 81, 82, 84, 85, 86, 87, 88, 90, 92, 102, 104, 106, 107, 108, 109, 110, 111, 114, 115, 116, 117, 120, 121, 122, 123, 124, 125, 126, 127, 128, 130, 131, 132, 134, 136, 147, 149, 150, 151, 154, 155, 157, 158, 159, 161, 162, 163, 164, 165, 166, 167, 168, 169, 170, 171, 173, 174, 177, 178, 179, 180, 181, 183, 184, 185, 187, 189, 191, 192, 194, 206, 208, 209, 211, 212, 214, 216, 219, 220, 222, 224, 225, 226, 227], "summary": {"covered_lines": 116, "num_statements": 116, "percent_covered": 100.0, "percent_covered_display": "100", "missing_lines": 0, "excluded_lines": 0}, "missing_lines": [], "excluded_lines": [], "functions": {"ELFAnalyzer.__init__": {"executed_lines": [30], "summary": {"covered_lines": 1, "num_statements": 1, "percent_covered": 100.0, "percent_covered_display": "100", "missing_lines": 0, "excluded_lines": 0}, "missing_lines": [], "excluded_lines": []}, "ELFAnalyzer.snapshot_source_files": {"executed_lines": [47, 49, 50, 51, 52, 54, 56, 57, 59, 60, 62, 63, 64, 65, 67, 69, 70, 72, 73, 74, 75, 76, 77, 80, 81, 82, 84, 85, 86, 87, 88, 90], "summary": {"covered_lines": 32, "num_statements": 32, "percent_covered": 100.0, "percent_covered_display": "100", "missing_lines": 0, "excluded_lines": 0}, "missing_lines": [], "excluded_lines": []}, "ELFAnalyzer._extract_sources_from_cu": {"executed_lines": [102, 104, 106, 107, 108, 109, 110, 111, 114, 115, 116, 117, 120, 121, 122, 123, 124, 125, 126, 127, 128, 130, 131, 132, 134], "summary": {"covered_lines": 25, "num_statements": 25, "percent_covered": 100.0, "percent_covered_display": "100", "missing_lines": 0, "excluded_lines": 0}, "missing_lines": [], "excluded_lines": []}, "ELFAnalyzer._resolve_file_path": {"executed_lines": [147, 149, 150, 151, 154, 155, 157, 158, 159, 161, 162, 163, 164, 165, 166, 167, 168, 169, 170, 171, 173, 174, 177, 178, 179, 180, 181, 183, 184, 185, 187, 189, 191, 192], "summary": {"covered_lines": 34, "num_statements": 34, "percent_covered": 100.0, "percent_covered_display": "100", "missing_lines": 0, "excluded_lines": 0}, "missing_lines": [], "excluded_lines": []}, "ELFAnalyzer.validate_elf_file": {"executed_lines": [206, 208, 209, 211, 212, 214, 216, 219, 220, 222, 224, 225, 226, 227], "summary": {"covered_lines": 14, "num_statements": 14, "percent_covered": 100.0, "percent_covered_display": "100", "missing_lines": 0, "excluded_lines": 0}, "missing_lines": [], "excluded_lines": []}, "": {"executed_lines": [1, 7, 8, 9, 11, 14, 15, 24, 32, 92, 136, 194], "summary": {"covered_lines": 10, "num_statements": 10, "percent_covered": 100.0, "percent_covered_display": "100", "missing_lines": 0, "excluded_lines": 0}, "missing_lines": [], "excluded_lines": []}}, "classes": {"ELFAnalyzer": {"executed_lines": [30, 47, 49, 50, 51, 52, 54, 56, 57, 59, 60, 62, 63, 64, 65, 67, 69, 70, 72, 73, 74, 75, 76, 77, 80, 81, 82, 84, 85, 86, 87, 88, 90, 102, 104, 106, 107, 108, 109, 110, 111, 114, 115, 116, 117, 120, 121, 122, 123, 124, 125, 126, 127, 128, 130, 131, 132, 134, 147, 149, 150, 151, 154, 155, 157, 158, 159, 161, 162, 163, 164, 165, 166, 167, 168, 169, 170, 171, 173, 174, 177, 178, 179, 180, 181, 183, 184, 185, 187, 189, 191, 192, 206, 208, 209, 211, 212, 214, 216, 219, 220, 222, 224, 225, 226, 227], "summary": {"covered_lines": 106, "num_statements": 106, "percent_covered": 100.0, "percent_covered_display": "100", "missing_lines": 0, "excluded_lines": 0}, "missing_lines": [], "excluded_lines": []}, "": {"executed_lines": [1, 7, 8, 9, 11, 14, 15, 24, 32, 92, 136, 194], "summary": {"covered_lines": 10, "num_statements": 10, "percent_covered": 100.0, "percent_covered_display": "100", "missing_lines": 0, "excluded_lines": 0}, "missing_lines": [], "excluded_lines": []}}}, "atlasexplorer/analysis/reports.py": {"executed_lines": [1, 7, 8, 9, 10, 11, 13, 16, 17, 23, 32, 34, 35, 37, 38, 39, 41, 42, 44, 47, 50, 52, 53, 54, 55, 57, 59, 60, 61, 62, 65, 66, 67, 68, 70, 72, 78, 80, 86, 88, 94, 95, 96, 98, 107, 109, 110, 112, 113, 114, 115, 116, 117, 119, 131, 132, 134, 136, 148, 149, 151, 153, 159, 162, 163, 164, 166, 168, 169, 171, 172, 173, 176, 177, 178, 179, 180, 181, 182, 183, 184, 185, 187, 189, 191, 192, 194, 201, 202, 204, 205, 206, 207, 208, 210, 211, 213, 214, 222, 228, 229, 237, 238, 239, 240, 241, 242, 243, 245, 247, 253, 254, 259, 260, 261, 262, 263, 264, 265, 267], "summary": {"covered_lines": 118, "num_statements": 118, "percent_covered": 100.0, "percent_covered_display": "100", "missing_lines": 0, "excluded_lines": 0}, "missing_lines": [], "excluded_lines": [], "functions": {"SummaryReport.__init__": {"executed_lines": [32, 34, 35, 37, 38, 39, 41, 42, 44, 47, 50, 52, 53, 54, 55], "summary": {"covered_lines": 15, "num_statements": 15, "percent_covered": 100.0, "percent_covered_display": "100", "missing_lines": 0, "excluded_lines": 0}, "missing_lines": [], "excluded_lines": []}, "SummaryReport._extract_core_metrics": {"executed_lines": [59, 60, 61, 62, 65, 66, 67, 68, 70], "summary": {"covered_lines": 9, "num_statements": 9, "percent_covered": 100.0, "percent_covered_display": "100", "missing_lines": 0, "excluded_lines": 0}, "missing_lines": [], "excluded_lines": []}, "SummaryReport.get_total_cycles": {"executed_lines": [78], "summary": {"covered_lines": 1, "num_statements": 1, "percent_covered": 100.0, "percent_covered_display": "100", "missing_lines": 0, "excluded_lines": 0}, "missing_lines": [], "excluded_lines": []}, "SummaryReport.get_total_instructions": {"executed_lines": [86], "summary": {"covered_lines": 1, "num_statements": 1, "percent_covered": 100.0, "percent_covered_display": "100", "missing_lines": 0, "excluded_lines": 0}, "missing_lines": [], "excluded_lines": []}, "SummaryReport.get_ipc": {"executed_lines": [94, 95, 96], "summary": {"covered_lines": 3, "num_statements": 3, "percent_covered": 100.0, "percent_covered_display": "100", "missing_lines": 0, "excluded_lines": 0}, "missing_lines": [], "excluded_lines": []}, "SummaryReport.get_metric_keys": {"executed_lines": [107, 109, 110, 112, 113, 114, 115, 116, 117], "summary": {"covered_lines": 9, "num_statements": 9, "percent_covered": 100.0, "percent_covered_display": "100", "missing_lines": 0, "excluded_lines": 0}, "missing_lines": [], "excluded_lines": []}, "SummaryReport.get_metric_value": {"executed_lines": [131, 132, 134], "summary": {"covered_lines": 3, "num_statements": 3, "percent_covered": 100.0, "percent_covered_display": "100", "missing_lines": 0, "excluded_lines": 0}, "missing_lines": [], "excluded_lines": []}, "SummaryReport.get_metric_info": {"executed_lines": [148, 149, 151], "summary": {"covered_lines": 3, "num_statements": 3, "percent_covered": 100.0, "percent_covered_display": "100", "missing_lines": 0, "excluded_lines": 0}, "missing_lines": [], "excluded_lines": []}, "SummaryReport.print_metrics": {"executed_lines": [159, 162, 163, 164, 166, 168, 169, 171, 172, 173, 176, 177, 178, 179, 180, 181, 182, 183, 184, 185, 187, 189, 191, 192], "summary": {"covered_lines": 24, "num_statements": 24, "percent_covered": 100.0, "percent_covered_display": "100", "missing_lines": 0, "excluded_lines": 0}, "missing_lines": [], "excluded_lines": []}, "SummaryReport.export_metrics": {"executed_lines": [201, 202, 204, 205, 206, 207, 208, 210, 211, 213, 214], "summary": {"covered_lines": 11, "num_statements": 11, "percent_covered": 100.0, "percent_covered_display": "100", "missing_lines": 0, "excluded_lines": 0}, "missing_lines": [], "excluded_lines": []}, "SummaryReport.get_cache_metrics": {"executed_lines": [228, 229, 237, 238, 239, 240, 241, 242, 243, 245], "summary": {"covered_lines": 10, "num_statements": 10, "percent_covered": 100.0, "percent_covered_display": "100", "missing_lines": 0, "excluded_lines": 0}, "missing_lines": [], "excluded_lines": []}, "SummaryReport.get_branch_metrics": {"executed_lines": [253, 254, 259, 260, 261, 262, 263, 264, 265, 267], "summary": {"covered_lines": 10, "num_statements": 10, "percent_covered": 100.0, "percent_covered_display": "100", "missing_lines": 0, "excluded_lines": 0}, "missing_lines": [], "excluded_lines": []}, "": {"executed_lines": [1, 7, 8, 9, 10, 11, 13, 16, 17, 23, 57, 72, 80, 88, 98, 119, 136, 153, 194, 222, 247], "summary": {"covered_lines": 19, "num_statements": 19, "percent_covered": 100.0, "percent_covered_display": "100", "missing_lines": 0, "excluded_lines": 0}, "missing_lines": [], "excluded_lines": []}}, "classes": {"SummaryReport": {"executed_lines": [32, 34, 35, 37, 38, 39, 41, 42, 44, 47, 50, 52, 53, 54, 55, 59, 60, 61, 62, 65, 66, 67, 68, 70, 78, 86, 94, 95, 96, 107, 109, 110, 112, 113, 114, 115, 116, 117, 131, 132, 134, 148, 149, 151, 159, 162, 163, 164, 166, 168, 169, 171, 172, 173, 176, 177, 178, 179, 180, 181, 182, 183, 184, 185, 187, 189, 191, 192, 201, 202, 204, 205, 206, 207, 208, 210, 211, 213, 214, 228, 229, 237, 238, 239, 240, 241, 242, 243, 245, 253, 254, 259, 260, 261, 262, 263, 264, 265, 267], "summary": {"covered_lines": 99, "num_statements": 99, "percent_covered": 100.0, "percent_covered_display": "100", "missing_lines": 0, "excluded_lines": 0}, "missing_lines": [], "excluded_lines": []}, "": {"executed_lines": [1, 7, 8, 9, 10, 11, 13, 16, 17, 23, 57, 72, 80, 88, 98, 119, 136, 153, 194, 222, 247], "summary": {"covered_lines": 19, "num_statements": 19, "percent_covered": 100.0, "percent_covered_display": "100", "missing_lines": 0, "excluded_lines": 0}, "missing_lines": [], "excluded_lines": []}}}, "atlasexplorer/atlasexplorer.py": {"executed_lines": [3, 4, 5, 6, 7, 8, 9, 10, 11, 12, 13, 14, 15, 16, 17, 18, 19, 20, 21, 22, 23, 24, 27, 30, 33, 34, 35, 36, 37, 38, 39, 41, 42, 43, 44, 45, 46, 49, 50, 56, 60, 62, 63, 68, 69, 70, 72, 78, 79, 80, 82, 83, 84, 86, 87, 88, 89, 90, 92, 93, 95, 100, 101, 104, 105, 108, 109, 111, 114, 117, 119, 121, 126, 136, 138, 139, 141, 142, 144, 145, 150, 151, 153, 154, 157, 160, 163, 164, 165, 167, 170, 171, 172, 175, 177, 184, 185, 187, 192, 193, 194, 195, 196, 198, 199, 201, 202, 203, 204, 205, 206, 208, 209, 213, 214, 215, 216, 217, 220, 221, 223, 262, 263, 264, 265, 276, 277, 278, 279, 285, 287, 297, 299, 302, 304, 306, 307, 308, 310, 330, 331, 333, 334, 336, 337, 339, 340, 341, 342, 344, 345, 346, 348, 349, 350, 353, 356, 359, 360, 385, 387, 388, 390, 393, 397, 398, 399, 400, 402, 403, 405, 407, 414, 422, 423, 425, 427, 428, 432, 433, 434, 435, 436, 437, 453, 457, 458, 459, 461, 463, 464, 467, 468, 469, 470, 471, 472, 473, 474, 475, 476, 478, 479, 480, 481, 483, 486, 490, 491, 493, 497, 498, 499, 500, 504, 505, 506, 507, 508, 511, 512, 513, 514, 516, 517, 522, 525, 529, 530, 533, 534, 536, 537, 538, 539, 541, 542, 543, 545, 546, 547, 549, 569, 571, 573, 577, 578, 579, 580, 594, 595, 596, 597, 598, 601, 603, 605, 606, 607, 608, 612, 614, 616, 620, 634, 638, 655, 656, 657, 660, 661, 664, 665, 666, 667, 668, 669, 670, 671, 672, 673, 699, 705, 706, 707, 708, 713, 714, 715, 716, 717, 718, 720, 721, 722, 734, 735, 737, 739, 740, 741, 757, 758, 761, 768, 769, 770, 771, 784, 785, 786, 789, 795, 796, 800, 801, 805, 810, 811, 812, 813, 816, 817, 818, 819, 827, 828, 832, 833, 834, 835, 836, 841, 843, 849, 850, 855, 865, 866, 867, 870, 875, 876, 877, 878, 881, 882, 883, 884, 891, 893, 894, 902, 903, 906, 912, 915, 944, 951, 1063, 1071], "summary": {"covered_lines": 361, "num_statements": 601, "percent_covered": 60.06655574043261, "percent_covered_display": "60", "missing_lines": 240, "excluded_lines": 0}, "missing_lines": [40, 51, 52, 58, 65, 66, 147, 148, 166, 178, 179, 180, 188, 189, 190, 210, 224, 225, 227, 228, 229, 230, 231, 232, 233, 234, 235, 240, 241, 242, 243, 245, 246, 249, 250, 251, 252, 253, 255, 256, 257, 259, 261, 266, 267, 268, 269, 270, 271, 272, 273, 280, 281, 282, 283, 289, 290, 291, 293, 294, 295, 300, 301, 439, 492, 494, 495, 519, 574, 575, 582, 583, 584, 585, 586, 587, 588, 589, 590, 618, 622, 624, 625, 627, 628, 629, 630, 631, 632, 636, 640, 641, 642, 643, 644, 645, 650, 651, 652, 676, 677, 678, 679, 680, 681, 682, 683, 684, 685, 686, 687, 688, 690, 691, 692, 693, 694, 695, 697, 719, 723, 724, 725, 727, 728, 729, 730, 731, 742, 744, 745, 762, 765, 772, 773, 775, 776, 790, 791, 792, 793, 802, 803, 820, 821, 824, 825, 829, 830, 838, 839, 844, 845, 852, 853, 868, 869, 879, 880, 885, 886, 887, 904, 905, 931, 932, 933, 934, 935, 936, 937, 938, 939, 940, 941, 945, 946, 947, 948, 954, 956, 957, 958, 960, 969, 970, 972, 973, 974, 975, 976, 978, 979, 980, 981, 983, 993, 994, 995, 996, 998, 999, 1002, 1003, 1004, 1005, 1006, 1007, 1009, 1010, 1011, 1012, 1014, 1024, 1026, 1027, 1029, 1035, 1036, 1037, 1039, 1040, 1041, 1043, 1044, 1045, 1048, 1051, 1052, 1053, 1054, 1055, 1056, 1057, 1058, 1060, 1064, 1068, 1073, 1074], "excluded_lines": [], "functions": {"Experiment.__init__": {"executed_lines": [35, 36, 37, 38, 39, 41, 42, 43, 44, 45, 46, 49, 50], "summary": {"covered_lines": 13, "num_statements": 16, "percent_covered": 81.25, "percent_covered_display": "81", "missing_lines": 3, "excluded_lines": 0}, "missing_lines": [40, 51, 52], "excluded_lines": []}, "Experiment.getRoot": {"executed_lines": [], "summary": {"covered_lines": 0, "num_statements": 1, "percent_covered": 0.0, "percent_covered_display": "0", "missing_lines": 1, "excluded_lines": 0}, "missing_lines": [58], "excluded_lines": []}, "Experiment.getSummary": {"executed_lines": [62, 63], "summary": {"covered_lines": 2, "num_statements": 4, "percent_covered": 50.0, "percent_covered_display": "50", "missing_lines": 2, "excluded_lines": 0}, "missing_lines": [65, 66], "excluded_lines": []}, "Experiment.__uploadExpPackage": {"executed_lines": [69, 70, 72, 78, 79, 80], "summary": {"covered_lines": 6, "num_statements": 6, "percent_covered": 100.0, "percent_covered_display": "100", "missing_lines": 0, "excluded_lines": 0}, "missing_lines": [], "excluded_lines": []}, "Experiment.__getStatus": {"executed_lines": [83, 84], "summary": {"covered_lines": 2, "num_statements": 2, "percent_covered": 100.0, "percent_covered_display": "100", "missing_lines": 0, "excluded_lines": 0}, "missing_lines": [], "excluded_lines": []}, "Experiment.__downloadBinaryFile": {"executed_lines": [87, 88, 89, 90], "summary": {"covered_lines": 4, "num_statements": 4, "percent_covered": 100.0, "percent_covered_display": "100", "missing_lines": 0, "excluded_lines": 0}, "missing_lines": [], "excluded_lines": []}, "Experiment.__hybrid_encrypt": {"executed_lines": [93, 95, 100, 101, 104, 105, 108, 109, 111, 114, 117, 119, 121, 126, 136, 138, 139, 141, 142, 144, 145], "summary": {"covered_lines": 21, "num_statements": 23, "percent_covered": 91.30434782608695, "percent_covered_display": "91", "missing_lines": 2, "excluded_lines": 0}, "missing_lines": [147, 148], "excluded_lines": []}, "Experiment.__decrypt_file_with_password": {"executed_lines": [151, 153, 154, 157, 160, 163, 164, 165, 167, 170, 171, 172, 175, 177], "summary": {"covered_lines": 14, "num_statements": 18, "percent_covered": 77.77777777777777, "percent_covered_display": "78", "missing_lines": 4, "excluded_lines": 0}, "missing_lines": [166, 178, 179, 180], "excluded_lines": []}, "Experiment.snapshotSource": {"executed_lines": [185, 187, 192, 193, 194, 195, 196, 198, 199, 201, 202, 203, 204, 205, 206, 208, 209, 213, 214, 215, 216, 217, 220, 221, 223, 262, 263, 264, 265, 276, 277, 278, 279, 285], "summary": {"covered_lines": 34, "num_statements": 77, "percent_covered": 44.15584415584416, "percent_covered_display": "44", "missing_lines": 43, "excluded_lines": 0}, "missing_lines": [188, 189, 190, 210, 224, 225, 227, 228, 229, 230, 231, 232, 233, 234, 235, 240, 241, 242, 243, 245, 246, 249, 250, 251, 252, 253, 255, 256, 257, 259, 261, 266, 267, 268, 269, 270, 271, 272, 273, 280, 281, 282, 283], "excluded_lines": []}, "Experiment.getExperiment": {"executed_lines": [], "summary": {"covered_lines": 0, "num_statements": 6, "percent_covered": 0.0, "percent_covered_display": "0", "missing_lines": 6, "excluded_lines": 0}, "missing_lines": [289, 290, 291, 293, 294, 295], "excluded_lines": []}, "Experiment.addWorkload": {"executed_lines": [299, 302], "summary": {"covered_lines": 2, "num_statements": 4, "percent_covered": 50.0, "percent_covered_display": "50", "missing_lines": 2, "excluded_lines": 0}, "missing_lines": [300, 301], "excluded_lines": []}, "Experiment.setCore": {"executed_lines": [306, 307, 308], "summary": {"covered_lines": 3, "num_statements": 3, "percent_covered": 100.0, "percent_covered_display": "100", "missing_lines": 0, "excluded_lines": 0}, "missing_lines": [], "excluded_lines": []}, "Experiment.run": {"executed_lines": [330, 331, 333, 334, 336, 337, 339, 340, 341, 342, 344, 345, 346, 348, 349, 350, 353, 356, 359, 360, 385, 387, 388, 390, 393, 397, 398, 399, 400, 402, 403, 405, 407, 414, 422, 423, 425, 427, 428, 432, 433, 434, 435, 436, 437, 453, 457, 458, 459, 461, 463, 464, 467, 468, 469, 470, 471, 472, 473, 474, 475, 476, 478, 479, 480, 481, 483, 486, 490, 491, 493, 497, 498, 499, 500, 504, 505, 506, 507, 508, 511, 512, 513, 514, 516, 517, 522, 525, 529, 530, 533, 534, 536, 537, 538, 539], "summary": {"covered_lines": 96, "num_statements": 101, "percent_covered": 95.04950495049505, "percent_covered_display": "95", "missing_lines": 5, "excluded_lines": 0}, "missing_lines": [439, 492, 494, 495, 519], "excluded_lines": []}, "Experiment.__creatReportNested": {"executed_lines": [542, 543, 545, 546, 547, 549, 569], "summary": {"covered_lines": 7, "num_statements": 7, "percent_covered": 100.0, "percent_covered_display": "100", "missing_lines": 0, "excluded_lines": 0}, "missing_lines": [], "excluded_lines": []}, "Experiment.cleanSummaries": {"executed_lines": [573, 577, 578, 579, 580], "summary": {"covered_lines": 5, "num_statements": 16, "percent_covered": 31.25, "percent_covered_display": "31", "missing_lines": 11, "excluded_lines": 0}, "missing_lines": [574, 575, 582, 583, 584, 585, 586, 587, 588, 589, 590], "excluded_lines": []}, "SummaryReport.__init__": {"executed_lines": [596, 597, 598, 601, 603, 605, 606, 607, 608], "summary": {"covered_lines": 9, "num_statements": 9, "percent_covered": 100.0, "percent_covered_display": "100", "missing_lines": 0, "excluded_lines": 0}, "missing_lines": [], "excluded_lines": []}, "SummaryReport.getTotalCycles": {"executed_lines": [614], "summary": {"covered_lines": 1, "num_statements": 1, "percent_covered": 100.0, "percent_covered_display": "100", "missing_lines": 0, "excluded_lines": 0}, "missing_lines": [], "excluded_lines": []}, "SummaryReport.getTotalInstructions": {"executed_lines": [], "summary": {"covered_lines": 0, "num_statements": 1, "percent_covered": 0.0, "percent_covered_display": "0", "missing_lines": 1, "excluded_lines": 0}, "missing_lines": [618], "excluded_lines": []}, "SummaryReport.getMetricKeys": {"executed_lines": [], "summary": {"covered_lines": 0, "num_statements": 9, "percent_covered": 0.0, "percent_covered_display": "0", "missing_lines": 9, "excluded_lines": 0}, "missing_lines": [622, 624, 625, 627, 628, 629, 630, 631, 632], "excluded_lines": []}, "SummaryReport.getMetricValue": {"executed_lines": [], "summary": {"covered_lines": 0, "num_statements": 1, "percent_covered": 0.0, "percent_covered_display": "0", "missing_lines": 1, "excluded_lines": 0}, "missing_lines": [636], "excluded_lines": []}, "SummaryReport.printMetrics": {"executed_lines": [], "summary": {"covered_lines": 0, "num_statements": 9, "percent_covered": 0.0, "percent_covered_display": "0", "missing_lines": 9, "excluded_lines": 0}, "missing_lines": [640, 641, 642, 643, 644, 645, 650, 651, 652], "excluded_lines": []}, "AtlasConfig.__init__": {"executed_lines": [664, 665, 666, 667, 668, 669, 670, 671, 672, 673], "summary": {"covered_lines": 10, "num_statements": 30, "percent_covered": 33.333333333333336, "percent_covered_display": "33", "missing_lines": 20, "excluded_lines": 0}, "missing_lines": [676, 677, 678, 679, 680, 681, 682, 683, 684, 685, 686, 687, 688, 690, 691, 692, 693, 694, 695, 697], "excluded_lines": []}, "AtlasConfig.setGWbyChannelRegion": {"executed_lines": [705, 706, 707, 708, 713, 714, 715, 716, 717, 718, 720, 721, 722], "summary": {"covered_lines": 13, "num_statements": 22, "percent_covered": 59.09090909090909, "percent_covered_display": "59", "missing_lines": 9, "excluded_lines": 0}, "missing_lines": [719, 723, 724, 725, 727, 728, 729, 730, 731], "excluded_lines": []}, "AtlasExplorer.__init__": {"executed_lines": [739, 740, 741, 757, 758, 761, 768, 769, 770, 771], "summary": {"covered_lines": 10, "num_statements": 19, "percent_covered": 52.63157894736842, "percent_covered_display": "53", "missing_lines": 9, "excluded_lines": 0}, "missing_lines": [742, 744, 745, 762, 765, 772, 773, 775, 776], "excluded_lines": []}, "AtlasExplorer._getCloudCaps": {"executed_lines": [785, 786, 789, 795, 796, 800, 801, 805, 810, 811, 812, 813, 816, 817, 818, 819], "summary": {"covered_lines": 16, "num_statements": 26, "percent_covered": 61.53846153846154, "percent_covered_display": "62", "missing_lines": 10, "excluded_lines": 0}, "missing_lines": [790, 791, 792, 793, 802, 803, 820, 821, 824, 825], "excluded_lines": []}, "AtlasExplorer.getCoreInfo": {"executed_lines": [828, 832, 833, 834, 835, 836], "summary": {"covered_lines": 6, "num_statements": 10, "percent_covered": 60.0, "percent_covered_display": "60", "missing_lines": 4, "excluded_lines": 0}, "missing_lines": [829, 830, 838, 839], "excluded_lines": []}, "AtlasExplorer.getVersionList": {"executed_lines": [843, 849, 850], "summary": {"covered_lines": 3, "num_statements": 7, "percent_covered": 42.857142857142854, "percent_covered_display": "43", "missing_lines": 4, "excluded_lines": 0}, "missing_lines": [844, 845, 852, 853], "excluded_lines": []}, "AtlasExplorer.__checkWorkerStatus": {"executed_lines": [865, 866, 867, 870, 875, 876, 877, 878, 881, 882, 883, 884], "summary": {"covered_lines": 12, "num_statements": 19, "percent_covered": 63.1578947368421, "percent_covered_display": "63", "missing_lines": 7, "excluded_lines": 0}, "missing_lines": [868, 869, 879, 880, 885, 886, 887], "excluded_lines": []}, "AtlasExplorer.getSignedUrls": {"executed_lines": [893, 894, 902, 903, 906], "summary": {"covered_lines": 5, "num_statements": 7, "percent_covered": 71.42857142857143, "percent_covered_display": "71", "missing_lines": 2, "excluded_lines": 0}, "missing_lines": [904, 905], "excluded_lines": []}, "__getChannelList": {"executed_lines": [], "summary": {"covered_lines": 0, "num_statements": 11, "percent_covered": 0.0, "percent_covered_display": "0", "missing_lines": 11, "excluded_lines": 0}, "missing_lines": [931, 932, 933, 934, 935, 936, 937, 938, 939, 940, 941], "excluded_lines": []}, "__getUserValid": {"executed_lines": [], "summary": {"covered_lines": 0, "num_statements": 4, "percent_covered": 0.0, "percent_covered_display": "0", "missing_lines": 4, "excluded_lines": 0}, "missing_lines": [945, 946, 947, 948], "excluded_lines": []}, "configure": {"executed_lines": [], "summary": {"covered_lines": 0, "num_statements": 57, "percent_covered": 0.0, "percent_covered_display": "0", "missing_lines": 57, "excluded_lines": 0}, "missing_lines": [954, 956, 957, 958, 960, 969, 970, 972, 973, 974, 975, 976, 978, 979, 980, 981, 983, 993, 994, 995, 996, 998, 999, 1002, 1003, 1004, 1005, 1006, 1007, 1009, 1010, 1011, 1012, 1014, 1024, 1026, 1027, 1029, 1035, 1036, 1037, 1039, 1040, 1041, 1043, 1044, 1045, 1048, 1051, 1052, 1053, 1054, 1055, 1056, 1057, 1058, 1060], "excluded_lines": []}, "subcmd_configure": {"executed_lines": [], "summary": {"covered_lines": 0, "num_statements": 2, "percent_covered": 0.0, "percent_covered_display": "0", "missing_lines": 2, "excluded_lines": 0}, "missing_lines": [1064, 1068], "excluded_lines": []}, "": {"executed_lines": [3, 4, 5, 6, 7, 8, 9, 10, 11, 12, 13, 14, 15, 16, 17, 18, 19, 20, 21, 22, 23, 24, 27, 30, 33, 34, 56, 60, 68, 82, 86, 92, 150, 184, 287, 297, 304, 310, 541, 571, 594, 595, 612, 616, 620, 634, 638, 655, 656, 657, 660, 661, 699, 734, 735, 737, 784, 827, 841, 855, 891, 912, 915, 944, 951, 1063, 1071], "summary": {"covered_lines": 67, "num_statements": 69, "percent_covered": 97.10144927536231, "percent_covered_display": "97", "missing_lines": 2, "excluded_lines": 0}, "missing_lines": [1073, 1074], "excluded_lines": []}}, "classes": {"Experiment": {"executed_lines": [35, 36, 37, 38, 39, 41, 42, 43, 44, 45, 46, 49, 50, 62, 63, 69, 70, 72, 78, 79, 80, 83, 84, 87, 88, 89, 90, 93, 95, 100, 101, 104, 105, 108, 109, 111, 114, 117, 119, 121, 126, 136, 138, 139, 141, 142, 144, 145, 151, 153, 154, 157, 160, 163, 164, 165, 167, 170, 171, 172, 175, 177, 185, 187, 192, 193, 194, 195, 196, 198, 199, 201, 202, 203, 204, 205, 206, 208, 209, 213, 214, 215, 216, 217, 220, 221, 223, 262, 263, 264, 265, 276, 277, 278, 279, 285, 299, 302, 306, 307, 308, 330, 331, 333, 334, 336, 337, 339, 340, 341, 342, 344, 345, 346, 348, 349, 350, 353, 356, 359, 360, 385, 387, 388, 390, 393, 397, 398, 399, 400, 402, 403, 405, 407, 414, 422, 423, 425, 427, 428, 432, 433, 434, 435, 436, 437, 453, 457, 458, 459, 461, 463, 464, 467, 468, 469, 470, 471, 472, 473, 474, 475, 476, 478, 479, 480, 481, 483, 486, 490, 491, 493, 497, 498, 499, 500, 504, 505, 506, 507, 508, 511, 512, 513, 514, 516, 517, 522, 525, 529, 530, 533, 534, 536, 537, 538, 539, 542, 543, 545, 546, 547, 549, 569, 573, 577, 578, 579, 580], "summary": {"covered_lines": 209, "num_statements": 288, "percent_covered": 72.56944444444444, "percent_covered_display": "73", "missing_lines": 79, "excluded_lines": 0}, "missing_lines": [40, 51, 52, 58, 65, 66, 147, 148, 166, 178, 179, 180, 188, 189, 190, 210, 224, 225, 227, 228, 229, 230, 231, 232, 233, 234, 235, 240, 241, 242, 243, 245, 246, 249, 250, 251, 252, 253, 255, 256, 257, 259, 261, 266, 267, 268, 269, 270, 271, 272, 273, 280, 281, 282, 283, 289, 290, 291, 293, 294, 295, 300, 301, 439, 492, 494, 495, 519, 574, 575, 582, 583, 584, 585, 586, 587, 588, 589, 590], "excluded_lines": []}, "SummaryReport": {"executed_lines": [596, 597, 598, 601, 603, 605, 606, 607, 608, 614], "summary": {"covered_lines": 10, "num_statements": 30, "percent_covered": 33.333333333333336, "percent_covered_display": "33", "missing_lines": 20, "excluded_lines": 0}, "missing_lines": [618, 622, 624, 625, 627, 628, 629, 630, 631, 632, 636, 640, 641, 642, 643, 644, 645, 650, 651, 652], "excluded_lines": []}, "AtlasConstants": {"executed_lines": [], "summary": {"covered_lines": 0, "num_statements": 0, "percent_covered": 100.0, "percent_covered_display": "100", "missing_lines": 0, "excluded_lines": 0}, "missing_lines": [], "excluded_lines": []}, "AtlasConfig": {"executed_lines": [664, 665, 666, 667, 668, 669, 670, 671, 672, 673, 705, 706, 707, 708, 713, 714, 715, 716, 717, 718, 720, 721, 722], "summary": {"covered_lines": 23, "num_statements": 52, "percent_covered": 44.23076923076923, "percent_covered_display": "44", "missing_lines": 29, "excluded_lines": 0}, "missing_lines": [676, 677, 678, 679, 680, 681, 682, 683, 684, 685, 686, 687, 688, 690, 691, 692, 693, 694, 695, 697, 719, 723, 724, 725, 727, 728, 729, 730, 731], "excluded_lines": []}, "AtlasExplorer": {"executed_lines": [739, 740, 741, 757, 758, 761, 768, 769, 770, 771, 785, 786, 789, 795, 796, 800, 801, 805, 810, 811, 812, 813, 816, 817, 818, 819, 828, 832, 833, 834, 835, 836, 843, 849, 850, 865, 866, 867, 870, 875, 876, 877, 878, 881, 882, 883, 884, 893, 894, 902, 903, 906], "summary": {"covered_lines": 52, "num_statements": 88, "percent_covered": 59.09090909090909, "percent_covered_display": "59", "missing_lines": 36, "excluded_lines": 0}, "missing_lines": [742, 744, 745, 762, 765, 772, 773, 775, 776, 790, 791, 792, 793, 802, 803, 820, 821, 824, 825, 829, 830, 838, 839, 844, 845, 852, 853, 868, 869, 879, 880, 885, 886, 887, 904, 905], "excluded_lines": []}, "": {"executed_lines": [3, 4, 5, 6, 7, 8, 9, 10, 11, 12, 13, 14, 15, 16, 17, 18, 19, 20, 21, 22, 23, 24, 27, 30, 33, 34, 56, 60, 68, 82, 86, 92, 150, 184, 287, 297, 304, 310, 541, 571, 594, 595, 612, 616, 620, 634, 638, 655, 656, 657, 660, 661, 699, 734, 735, 737, 784, 827, 841, 855, 891, 912, 915, 944, 951, 1063, 1071], "summary": {"covered_lines": 67, "num_statements": 143, "percent_covered": 46.85314685314685, "percent_covered_display": "47", "missing_lines": 76, "excluded_lines": 0}, "missing_lines": [931, 932, 933, 934, 935, 936, 937, 938, 939, 940, 941, 945, 946, 947, 948, 954, 956, 957, 958, 960, 969, 970, 972, 973, 974, 975, 976, 978, 979, 980, 981, 983, 993, 994, 995, 996, 998, 999, 1002, 1003, 1004, 1005, 1006, 1007, 1009, 1010, 1011, 1012, 1014, 1024, 1026, 1027, 1029, 1035, 1036, 1037, 1039, 1040, 1041, 1043, 1044, 1045, 1048, 1051, 1052, 1053, 1054, 1055, 1056, 1057, 1058, 1060, 1064, 1068, 1073, 1074], "excluded_lines": []}}}, "atlasexplorer/cli/__init__.py": {"executed_lines": [1, 3, 5], "summary": {"covered_lines": 2, "num_statements": 2, "percent_covered": 100.0, "percent_covered_display": "100", "missing_lines": 0, "excluded_lines": 0}, "missing_lines": [], "excluded_lines": [], "functions": {"": {"executed_lines": [1, 3, 5], "summary": {"covered_lines": 2, "num_statements": 2, "percent_covered": 100.0, "percent_covered_display": "100", "missing_lines": 0, "excluded_lines": 0}, "missing_lines": [], "excluded_lines": []}}, "classes": {"": {"executed_lines": [1, 3, 5], "summary": {"covered_lines": 2, "num_statements": 2, "percent_covered": 100.0, "percent_covered_display": "100", "missing_lines": 0, "excluded_lines": 0}, "missing_lines": [], "excluded_lines": []}}}, "atlasexplorer/cli/commands.py": {"executed_lines": [1, 7, 8, 9, 11, 12, 16, 26, 39, 40, 46, 48, 52, 61, 63, 64, 65, 67, 68, 69, 71, 72, 73, 74, 75, 76, 77, 78, 79, 80, 81, 83, 89, 91, 92, 93, 94, 95, 97, 98, 104, 114, 123, 128, 130, 132, 133, 135, 136, 138, 139], "summary": {"covered_lines": 49, "num_statements": 53, "percent_covered": 92.45283018867924, "percent_covered_display": "92", "missing_lines": 4, "excluded_lines": 0}, "missing_lines": [22, 23, 32, 36], "excluded_lines": [], "functions": {"configure": {"executed_lines": [], "summary": {"covered_lines": 0, "num_statements": 2, "percent_covered": 0.0, "percent_covered_display": "0", "missing_lines": 2, "excluded_lines": 0}, "missing_lines": [22, 23], "excluded_lines": []}, "subcmd_configure": {"executed_lines": [], "summary": {"covered_lines": 0, "num_statements": 2, "percent_covered": 0.0, "percent_covered_display": "0", "missing_lines": 2, "excluded_lines": 0}, "missing_lines": [32, 36], "excluded_lines": []}, "AtlasExplorerCLI.__init__": {"executed_lines": [48], "summary": {"covered_lines": 1, "num_statements": 1, "percent_covered": 100.0, "percent_covered_display": "100", "missing_lines": 0, "excluded_lines": 0}, "missing_lines": [], "excluded_lines": []}, "AtlasExplorerCLI.run": {"executed_lines": [61, 63, 64, 65, 67, 68, 69, 71, 72, 73, 74, 75, 76, 77, 78, 79, 80, 81], "summary": {"covered_lines": 18, "num_statements": 18, "percent_covered": 100.0, "percent_covered_display": "100", "missing_lines": 0, "excluded_lines": 0}, "missing_lines": [], "excluded_lines": []}, "AtlasExplorerCLI.configure_command": {"executed_lines": [89, 91, 92, 93, 94, 95], "summary": {"covered_lines": 6, "num_statements": 6, "percent_covered": 100.0, "percent_covered_display": "100", "missing_lines": 0, "excluded_lines": 0}, "missing_lines": [], "excluded_lines": []}, "AtlasExplorerCLI.create_parser": {"executed_lines": [104, 114, 123, 128, 130], "summary": {"covered_lines": 5, "num_statements": 5, "percent_covered": 100.0, "percent_covered_display": "100", "missing_lines": 0, "excluded_lines": 0}, "missing_lines": [], "excluded_lines": []}, "AtlasExplorerCLI.main": {"executed_lines": [135, 136, 138, 139], "summary": {"covered_lines": 4, "num_statements": 4, "percent_covered": 100.0, "percent_covered_display": "100", "missing_lines": 0, "excluded_lines": 0}, "missing_lines": [], "excluded_lines": []}, "": {"executed_lines": [1, 7, 8, 9, 11, 12, 16, 26, 39, 40, 46, 52, 83, 97, 98, 132, 133], "summary": {"covered_lines": 15, "num_statements": 15, "percent_covered": 100.0, "percent_covered_display": "100", "missing_lines": 0, "excluded_lines": 0}, "missing_lines": [], "excluded_lines": []}}, "classes": {"AtlasExplorerCLI": {"executed_lines": [48, 61, 63, 64, 65, 67, 68, 69, 71, 72, 73, 74, 75, 76, 77, 78, 79, 80, 81, 89, 91, 92, 93, 94, 95, 104, 114, 123, 128, 130, 135, 136, 138, 139], "summary": {"covered_lines": 34, "num_statements": 34, "percent_covered": 100.0, "percent_covered_display": "100", "missing_lines": 0, "excluded_lines": 0}, "missing_lines": [], "excluded_lines": []}, "": {"executed_lines": [1, 7, 8, 9, 11, 12, 16, 26, 39, 40, 46, 52, 83, 97, 98, 132, 133], "summary": {"covered_lines": 15, "num_statements": 19, "percent_covered": 78.94736842105263, "percent_covered_display": "79", "missing_lines": 4, "excluded_lines": 0}, "missing_lines": [22, 23, 32, 36], "excluded_lines": []}}}, "atlasexplorer/cli/interactive.py": {"executed_lines": [1, 7, 8, 9, 11, 12, 13, 16, 17, 23, 29, 31, 33, 34, 37, 40, 41, 49, 50, 51, 54, 55, 56, 57, 59, 61, 62, 70, 71, 72, 73, 75, 77, 78, 86, 92, 93, 94, 95, 96, 99, 100, 101, 102, 103, 105, 107, 108, 110, 130, 132, 133, 134, 135, 136, 137, 140, 141, 142, 144, 147, 148, 151, 152, 153, 156, 157, 158, 160, 162, 171, 172, 173, 175, 176, 177, 179, 180, 182, 191, 192, 193, 198, 199, 201, 202, 204, 205, 207, 208, 210, 221, 223, 230, 231, 234, 235, 240, 241, 243, 244, 247, 253, 254], "summary": {"covered_lines": 102, "num_statements": 102, "percent_covered": 100.0, "percent_covered_display": "100", "missing_lines": 0, "excluded_lines": 0}, "missing_lines": [], "excluded_lines": [], "functions": {"InteractiveConfig.__init__": {"executed_lines": [29], "summary": {"covered_lines": 1, "num_statements": 1, "percent_covered": 100.0, "percent_covered_display": "100", "missing_lines": 0, "excluded_lines": 0}, "missing_lines": [], "excluded_lines": []}, "InteractiveConfig.run_configuration": {"executed_lines": [33, 34, 37, 40, 41, 49, 50, 51, 54, 55, 56, 57, 59, 61, 62, 70, 71, 72, 73, 75, 77, 78, 86, 92, 93, 94, 95, 96, 99, 100, 101, 102, 103, 105, 107, 108], "summary": {"covered_lines": 36, "num_statements": 36, "percent_covered": 100.0, "percent_covered_display": "100", "missing_lines": 0, "excluded_lines": 0}, "missing_lines": [], "excluded_lines": []}, "InteractiveConfig._prompt_for_input": {"executed_lines": [130, 132, 133, 134, 135, 136, 137, 140, 141, 142, 144, 147, 148, 151, 152, 153, 156, 157, 158, 160], "summary": {"covered_lines": 20, "num_statements": 20, "percent_covered": 100.0, "percent_covered_display": "100", "missing_lines": 0, "excluded_lines": 0}, "missing_lines": [], "excluded_lines": []}, "InteractiveConfig._validate_api_key": {"executed_lines": [171, 172, 173, 175, 176, 177, 179, 180], "summary": {"covered_lines": 8, "num_statements": 8, "percent_covered": 100.0, "percent_covered_display": "100", "missing_lines": 0, "excluded_lines": 0}, "missing_lines": [], "excluded_lines": []}, "InteractiveConfig._get_channel_list": {"executed_lines": [191, 192, 193, 198, 199, 201, 202, 204, 205, 207, 208], "summary": {"covered_lines": 11, "num_statements": 11, "percent_covered": 100.0, "percent_covered_display": "100", "missing_lines": 0, "excluded_lines": 0}, "missing_lines": [], "excluded_lines": []}, "InteractiveConfig._get_region_list": {"executed_lines": [221], "summary": {"covered_lines": 1, "num_statements": 1, "percent_covered": 100.0, "percent_covered_display": "100", "missing_lines": 0, "excluded_lines": 0}, "missing_lines": [], "excluded_lines": []}, "InteractiveConfig._save_configuration": {"executed_lines": [230, 231, 234, 235, 240, 241, 243, 244], "summary": {"covered_lines": 8, "num_statements": 8, "percent_covered": 100.0, "percent_covered_display": "100", "missing_lines": 0, "excluded_lines": 0}, "missing_lines": [], "excluded_lines": []}, "configure": {"executed_lines": [253, 254], "summary": {"covered_lines": 2, "num_statements": 2, "percent_covered": 100.0, "percent_covered_display": "100", "missing_lines": 0, "excluded_lines": 0}, "missing_lines": [], "excluded_lines": []}, "": {"executed_lines": [1, 7, 8, 9, 11, 12, 13, 16, 17, 23, 31, 110, 162, 182, 210, 223, 247], "summary": {"covered_lines": 15, "num_statements": 15, "percent_covered": 100.0, "percent_covered_display": "100", "missing_lines": 0, "excluded_lines": 0}, "missing_lines": [], "excluded_lines": []}}, "classes": {"InteractiveConfig": {"executed_lines": [29, 33, 34, 37, 40, 41, 49, 50, 51, 54, 55, 56, 57, 59, 61, 62, 70, 71, 72, 73, 75, 77, 78, 86, 92, 93, 94, 95, 96, 99, 100, 101, 102, 103, 105, 107, 108, 130, 132, 133, 134, 135, 136, 137, 140, 141, 142, 144, 147, 148, 151, 152, 153, 156, 157, 158, 160, 171, 172, 173, 175, 176, 177, 179, 180, 191, 192, 193, 198, 199, 201, 202, 204, 205, 207, 208, 221, 230, 231, 234, 235, 240, 241, 243, 244], "summary": {"covered_lines": 85, "num_statements": 85, "percent_covered": 100.0, "percent_covered_display": "100", "missing_lines": 0, "excluded_lines": 0}, "missing_lines": [], "excluded_lines": []}, "": {"executed_lines": [1, 7, 8, 9, 11, 12, 13, 16, 17, 23, 31, 110, 162, 182, 210, 223, 247, 253, 254], "summary": {"covered_lines": 17, "num_statements": 17, "percent_covered": 100.0, "percent_covered_display": "100", "missing_lines": 0, "excluded_lines": 0}, "missing_lines": [], "excluded_lines": []}}}, "atlasexplorer/core/__init__.py": {"executed_lines": [1, 3, 4, 5, 6, 8], "summary": {"covered_lines": 5, "num_statements": 5, "percent_covered": 100.0, "percent_covered_display": "100", "missing_lines": 0, "excluded_lines": 0}, "missing_lines": [], "excluded_lines": [], "functions": {"": {"executed_lines": [1, 3, 4, 5, 6, 8], "summary": {"covered_lines": 5, "num_statements": 5, "percent_covered": 100.0, "percent_covered_display": "100", "missing_lines": 0, "excluded_lines": 0}, "missing_lines": [], "excluded_lines": []}}, "classes": {"": {"executed_lines": [1, 3, 4, 5, 6, 8], "summary": {"covered_lines": 5, "num_statements": 5, "percent_covered": 100.0, "percent_covered_display": "100", "missing_lines": 0, "excluded_lines": 0}, "missing_lines": [], "excluded_lines": []}}}, "atlasexplorer/core/client.py": {"executed_lines": [2, 9, 10, 11, 13, 15, 21, 22, 25, 26, 37, 53, 56, 63, 64, 69, 70, 73, 74, 75, 76, 78, 79, 81, 92, 93, 99, 100, 105, 106, 107, 108, 110, 111, 113, 114, 115, 116, 119, 120, 121, 122, 123, 125, 127, 129, 143, 144, 148, 149, 150, 152, 153, 154, 156, 157, 158, 160, 162, 172, 173, 177, 178, 180, 182, 193, 194, 196, 197, 199, 205, 207, 208, 209, 211, 212, 213, 215, 217, 218, 219, 220, 222, 223, 224, 228, 244, 245, 247, 248, 257, 258, 259, 260, 262, 263, 264, 265, 266, 267, 268, 271, 285, 286, 291, 292, 293, 294, 296, 297, 298, 299, 300, 302, 304, 305, 306, 307, 308, 311, 321, 322, 324, 325, 326, 327, 329, 330], "summary": {"covered_lines": 126, "num_statements": 130, "percent_covered": 96.92307692307692, "percent_covered_display": "97", "missing_lines": 4, "excluded_lines": 0}, "missing_lines": [109, 225, 226, 328], "excluded_lines": [], "functions": {"AtlasExplorer.__init__": {"executed_lines": [53, 56, 63, 64, 69, 70, 73, 74, 75, 76, 78, 79], "summary": {"covered_lines": 12, "num_statements": 12, "percent_covered": 100.0, "percent_covered_display": "100", "missing_lines": 0, "excluded_lines": 0}, "missing_lines": [], "excluded_lines": []}, "AtlasExplorer._getCloudCaps": {"executed_lines": [92, 93, 99, 100, 105, 106, 107, 108, 110, 111, 113, 114, 115, 116, 119, 120, 121, 122, 123, 125, 127], "summary": {"covered_lines": 21, "num_statements": 22, "percent_covered": 95.45454545454545, "percent_covered_display": "95", "missing_lines": 1, "excluded_lines": 0}, "missing_lines": [109], "excluded_lines": []}, "AtlasExplorer.getCoreInfo": {"executed_lines": [143, 144, 148, 149, 150, 152, 153, 154, 156, 157, 158, 160], "summary": {"covered_lines": 12, "num_statements": 12, "percent_covered": 100.0, "percent_covered_display": "100", "missing_lines": 0, "excluded_lines": 0}, "missing_lines": [], "excluded_lines": []}, "AtlasExplorer.getVersionList": {"executed_lines": [172, 173, 177, 178, 180], "summary": {"covered_lines": 5, "num_statements": 5, "percent_covered": 100.0, "percent_covered_display": "100", "missing_lines": 0, "excluded_lines": 0}, "missing_lines": [], "excluded_lines": []}, "AtlasExplorer._check_worker_status": {"executed_lines": [193, 194, 196, 197, 199, 205, 207, 208, 209, 211, 212, 213, 215, 217, 218, 219, 220, 222, 223, 224], "summary": {"covered_lines": 20, "num_statements": 22, "percent_covered": 90.9090909090909, "percent_covered_display": "91", "missing_lines": 2, "excluded_lines": 0}, "missing_lines": [225, 226], "excluded_lines": []}, "AtlasExplorer.getSignedUrls": {"executed_lines": [244, 245, 247, 248, 257, 258, 259, 260, 262, 263, 264, 265, 266, 267, 268], "summary": {"covered_lines": 15, "num_statements": 15, "percent_covered": 100.0, "percent_covered_display": "100", "missing_lines": 0, "excluded_lines": 0}, "missing_lines": [], "excluded_lines": []}, "get_channel_list": {"executed_lines": [285, 286, 291, 292, 293, 294, 296, 297, 298, 299, 300, 302, 304, 305, 306, 307, 308], "summary": {"covered_lines": 17, "num_statements": 17, "percent_covered": 100.0, "percent_covered_display": "100", "missing_lines": 0, "excluded_lines": 0}, "missing_lines": [], "excluded_lines": []}, "validate_user_api_key": {"executed_lines": [321, 322, 324, 325, 326, 327, 329, 330], "summary": {"covered_lines": 8, "num_statements": 9, "percent_covered": 88.88888888888889, "percent_covered_display": "89", "missing_lines": 1, "excluded_lines": 0}, "missing_lines": [328], "excluded_lines": []}, "": {"executed_lines": [2, 9, 10, 11, 13, 15, 21, 22, 25, 26, 37, 81, 129, 162, 182, 228, 271, 311], "summary": {"covered_lines": 16, "num_statements": 16, "percent_covered": 100.0, "percent_covered_display": "100", "missing_lines": 0, "excluded_lines": 0}, "missing_lines": [], "excluded_lines": []}}, "classes": {"AtlasExplorer": {"executed_lines": [53, 56, 63, 64, 69, 70, 73, 74, 75, 76, 78, 79, 92, 93, 99, 100, 105, 106, 107, 108, 110, 111, 113, 114, 115, 116, 119, 120, 121, 122, 123, 125, 127, 143, 144, 148, 149, 150, 152, 153, 154, 156, 157, 158, 160, 172, 173, 177, 178, 180, 193, 194, 196, 197, 199, 205, 207, 208, 209, 211, 212, 213, 215, 217, 218, 219, 220, 222, 223, 224, 244, 245, 247, 248, 257, 258, 259, 260, 262, 263, 264, 265, 266, 267, 268], "summary": {"covered_lines": 85, "num_statements": 88, "percent_covered": 96.5909090909091, "percent_covered_display": "97", "missing_lines": 3, "excluded_lines": 0}, "missing_lines": [109, 225, 226], "excluded_lines": []}, "": {"executed_lines": [2, 9, 10, 11, 13, 15, 21, 22, 25, 26, 37, 81, 129, 162, 182, 228, 271, 285, 286, 291, 292, 293, 294, 296, 297, 298, 299, 300, 302, 304, 305, 306, 307, 308, 311, 321, 322, 324, 325, 326, 327, 329, 330], "summary": {"covered_lines": 41, "num_statements": 42, "percent_covered": 97.61904761904762, "percent_covered_display": "98", "missing_lines": 1, "excluded_lines": 0}, "missing_lines": [328], "excluded_lines": []}}}, "atlasexplorer/core/config.py": {"executed_lines": [1, 8, 9, 10, 11, 12, 14, 15, 18, 19, 27, 44, 45, 46, 49, 50, 51, 53, 54, 55, 57, 58, 59, 60, 61, 62, 63, 65, 67, 73, 74, 76, 77, 78, 79, 80, 81, 82, 84, 85, 86, 87, 88, 89, 90, 91, 92, 94, 100, 101, 102, 103, 105, 106, 109, 110, 111, 112, 113, 114, 116, 117, 118, 119, 120, 122, 123, 124, 125, 127, 133, 134, 135, 137, 144, 145, 147, 148, 150, 151, 157, 158, 159, 160, 162, 163, 164, 166, 167, 168, 170, 171, 172, 173, 174, 175, 176, 177, 179, 188, 189, 190, 192, 193, 195, 196, 198, 199, 202, 204], "summary": {"covered_lines": 108, "num_statements": 108, "percent_covered": 100.0, "percent_covered_display": "100", "missing_lines": 0, "excluded_lines": 0}, "missing_lines": [], "excluded_lines": [], "functions": {"AtlasConfig.__init__": {"executed_lines": [44, 45, 46, 49, 50, 51, 53, 54, 55, 57, 58, 59, 60, 61, 62, 63, 65], "summary": {"covered_lines": 17, "num_statements": 17, "percent_covered": 100.0, "percent_covered_display": "100", "missing_lines": 0, "excluded_lines": 0}, "missing_lines": [], "excluded_lines": []}, "AtlasConfig._load_from_environment": {"executed_lines": [73, 74, 76, 77, 78, 79, 80, 81, 82, 84, 85, 86, 87, 88, 89, 90, 91, 92], "summary": {"covered_lines": 18, "num_statements": 18, "percent_covered": 100.0, "percent_covered_display": "100", "missing_lines": 0, "excluded_lines": 0}, "missing_lines": [], "excluded_lines": []}, "AtlasConfig._load_from_config_file": {"executed_lines": [100, 101, 102, 103, 105, 106, 109, 110, 111, 112, 113, 114, 116, 117, 118, 119, 120, 122, 123, 124, 125], "summary": {"covered_lines": 21, "num_statements": 21, "percent_covered": 100.0, "percent_covered_display": "100", "missing_lines": 0, "excluded_lines": 0}, "missing_lines": [], "excluded_lines": []}, "AtlasConfig._get_config_file_path": {"executed_lines": [133, 134, 135], "summary": {"covered_lines": 3, "num_statements": 3, "percent_covered": 100.0, "percent_covered_display": "100", "missing_lines": 0, "excluded_lines": 0}, "missing_lines": [], "excluded_lines": []}, "AtlasConfig._set_gateway_by_channel_region": {"executed_lines": [144, 145, 147, 148, 150, 151, 157, 158, 159, 160, 162, 163, 164, 166, 167, 168, 170, 171, 172, 173, 174, 175, 176, 177], "summary": {"covered_lines": 24, "num_statements": 24, "percent_covered": 100.0, "percent_covered_display": "100", "missing_lines": 0, "excluded_lines": 0}, "missing_lines": [], "excluded_lines": []}, "AtlasConfig.save_to_file": {"executed_lines": [188, 189, 190, 192, 193, 195, 196, 198, 199], "summary": {"covered_lines": 9, "num_statements": 9, "percent_covered": 100.0, "percent_covered_display": "100", "missing_lines": 0, "excluded_lines": 0}, "missing_lines": [], "excluded_lines": []}, "AtlasConfig.setGWbyChannelRegion": {"executed_lines": [204], "summary": {"covered_lines": 1, "num_statements": 1, "percent_covered": 100.0, "percent_covered_display": "100", "missing_lines": 0, "excluded_lines": 0}, "missing_lines": [], "excluded_lines": []}, "": {"executed_lines": [1, 8, 9, 10, 11, 12, 14, 15, 18, 19, 27, 67, 94, 127, 137, 179, 202], "summary": {"covered_lines": 15, "num_statements": 15, "percent_covered": 100.0, "percent_covered_display": "100", "missing_lines": 0, "excluded_lines": 0}, "missing_lines": [], "excluded_lines": []}}, "classes": {"AtlasConfig": {"executed_lines": [44, 45, 46, 49, 50, 51, 53, 54, 55, 57, 58, 59, 60, 61, 62, 63, 65, 73, 74, 76, 77, 78, 79, 80, 81, 82, 84, 85, 86, 87, 88, 89, 90, 91, 92, 100, 101, 102, 103, 105, 106, 109, 110, 111, 112, 113, 114, 116, 117, 118, 119, 120, 122, 123, 124, 125, 133, 134, 135, 144, 145, 147, 148, 150, 151, 157, 158, 159, 160, 162, 163, 164, 166, 167, 168, 170, 171, 172, 173, 174, 175, 176, 177, 188, 189, 190, 192, 193, 195, 196, 198, 199, 204], "summary": {"covered_lines": 93, "num_statements": 93, "percent_covered": 100.0, "percent_covered_display": "100", "missing_lines": 0, "excluded_lines": 0}, "missing_lines": [], "excluded_lines": []}, "": {"executed_lines": [1, 8, 9, 10, 11, 12, 14, 15, 18, 19, 27, 67, 94, 127, 137, 179, 202], "summary": {"covered_lines": 15, "num_statements": 15, "percent_covered": 100.0, "percent_covered_display": "100", "missing_lines": 0, "excluded_lines": 0}, "missing_lines": [], "excluded_lines": []}}}, "atlasexplorer/core/constants.py": {"executed_lines": [1, 7, 10, 11, 14, 15, 18, 19, 22, 23, 26, 27, 28, 29, 32, 33, 36, 37, 38, 39, 40, 41], "summary": {"covered_lines": 20, "num_statements": 20, "percent_covered": 100.0, "percent_covered_display": "100", "missing_lines": 0, "excluded_lines": 0}, "missing_lines": [], "excluded_lines": [], "functions": {"": {"executed_lines": [1, 7, 10, 11, 14, 15, 18, 19, 22, 23, 26, 27, 28, 29, 32, 33, 36, 37, 38, 39, 40, 41], "summary": {"covered_lines": 20, "num_statements": 20, "percent_covered": 100.0, "percent_covered_display": "100", "missing_lines": 0, "excluded_lines": 0}, "missing_lines": [], "excluded_lines": []}}, "classes": {"AtlasConstants": {"executed_lines": [], "summary": {"covered_lines": 0, "num_statements": 0, "percent_covered": 100.0, "percent_covered_display": "100", "missing_lines": 0, "excluded_lines": 0}, "missing_lines": [], "excluded_lines": []}, "": {"executed_lines": [1, 7, 10, 11, 14, 15, 18, 19, 22, 23, 26, 27, 28, 29, 32, 33, 36, 37, 38, 39, 40, 41], "summary": {"covered_lines": 20, "num_statements": 20, "percent_covered": 100.0, "percent_covered_display": "100", "missing_lines": 0, "excluded_lines": 0}, "missing_lines": [], "excluded_lines": []}}}, "atlasexplorer/core/experiment.py": {"executed_lines": [2, 9, 10, 11, 12, 13, 14, 15, 16, 17, 19, 21, 28, 29, 30, 31, 32, 34, 38, 39, 51, 63, 64, 67, 68, 69, 70, 71, 72, 75, 76, 77, 78, 79, 80, 81, 82, 83, 86, 87, 90, 92, 94, 95, 96, 97, 98, 99, 100, 101, 103, 110, 112, 119, 120, 122, 123, 124, 126, 136, 139, 140, 143, 144, 145, 146, 148, 149, 150, 152, 162, 163, 165, 166, 167, 169, 181, 182, 184, 185, 188, 189, 191, 192, 194, 195, 197, 198, 200, 201, 202, 203, 205, 208, 209, 210, 213, 216, 217, 218, 221, 224, 227, 228, 230, 232, 234, 235, 238, 239, 240, 241, 243, 246, 249, 251, 275, 277, 279, 282, 283, 286, 287, 288, 291, 294, 301, 304, 311, 313, 317, 318, 320, 322, 342, 344, 347, 349, 352, 353, 354, 356, 358, 360, 363, 364, 366, 367, 368, 371, 374, 377, 379, 381, 382, 384, 389, 390, 391, 392, 393, 394, 396, 398, 399, 401, 402, 403, 405, 406, 407, 408, 410, 411, 412, 413, 414, 415, 418, 419, 421, 422, 423, 424, 425, 426, 427, 429, 432, 433, 435, 437, 438, 439, 441, 442, 443, 444, 446, 447, 449, 451, 454, 456, 458, 461, 462, 463, 464, 467, 470, 471, 472, 473, 474, 477, 480, 483, 484, 487, 488, 492, 493, 494, 495, 497, 499, 501, 502, 503, 504, 506, 507, 508, 510, 512, 513, 514, 515, 516, 517, 518, 520, 525, 541, 542, 545, 546, 548, 550, 563, 564, 570], "summary": {"covered_lines": 250, "num_statements": 260, "percent_covered": 96.15384615384616, "percent_covered_display": "96", "missing_lines": 10, "excluded_lines": 2}, "missing_lines": [430, 452, 459, 468, 489, 509, 519, 521, 522, 523], "excluded_lines": [34, 35], "functions": {"Experiment.__init__": {"executed_lines": [63, 64, 67, 68, 69, 70, 71, 72, 75, 76, 77, 78, 79, 80, 81, 82, 83, 86, 87, 90], "summary": {"covered_lines": 20, "num_statements": 20, "percent_covered": 100.0, "percent_covered_display": "100", "missing_lines": 0, "excluded_lines": 0}, "missing_lines": [], "excluded_lines": []}, "Experiment._load_config": {"executed_lines": [94, 95, 96, 97, 98, 99, 100, 101], "summary": {"covered_lines": 8, "num_statements": 8, "percent_covered": 100.0, "percent_covered_display": "100", "missing_lines": 0, "excluded_lines": 0}, "missing_lines": [], "excluded_lines": []}, "Experiment.getRoot": {"executed_lines": [110], "summary": {"covered_lines": 1, "num_statements": 1, "percent_covered": 100.0, "percent_covered_display": "100", "missing_lines": 0, "excluded_lines": 0}, "missing_lines": [], "excluded_lines": []}, "Experiment.getSummary": {"executed_lines": [119, 120, 122, 123, 124], "summary": {"covered_lines": 5, "num_statements": 5, "percent_covered": 100.0, "percent_covered_display": "100", "missing_lines": 0, "excluded_lines": 0}, "missing_lines": [], "excluded_lines": []}, "Experiment.addWorkload": {"executed_lines": [136, 139, 140, 143, 144, 145, 146, 148, 149, 150], "summary": {"covered_lines": 10, "num_statements": 10, "percent_covered": 100.0, "percent_covered_display": "100", "missing_lines": 0, "excluded_lines": 0}, "missing_lines": [], "excluded_lines": []}, "Experiment.setCore": {"executed_lines": [162, 163, 165, 166, 167], "summary": {"covered_lines": 5, "num_statements": 5, "percent_covered": 100.0, "percent_covered_display": "100", "missing_lines": 0, "excluded_lines": 0}, "missing_lines": [], "excluded_lines": []}, "Experiment.run": {"executed_lines": [181, 182, 184, 185, 188, 189, 191, 192, 194, 195, 197, 198, 200, 201, 202, 203], "summary": {"covered_lines": 16, "num_statements": 16, "percent_covered": 100.0, "percent_covered_display": "100", "missing_lines": 0, "excluded_lines": 0}, "missing_lines": [], "excluded_lines": []}, "Experiment._execute_experiment": {"executed_lines": [208, 209, 210, 213, 216, 217, 218, 221, 224, 227, 228], "summary": {"covered_lines": 11, "num_statements": 11, "percent_covered": 100.0, "percent_covered_display": "100", "missing_lines": 0, "excluded_lines": 0}, "missing_lines": [], "excluded_lines": []}, "Experiment._create_experiment_config": {"executed_lines": [232, 234, 235, 238, 239, 240, 241, 243, 246, 249, 251, 275, 277], "summary": {"covered_lines": 13, "num_statements": 13, "percent_covered": 100.0, "percent_covered_display": "100", "missing_lines": 0, "excluded_lines": 0}, "missing_lines": [], "excluded_lines": []}, "Experiment._add_reports_to_config": {"executed_lines": [282, 283, 286, 287, 288, 291, 294, 301, 304, 311], "summary": {"covered_lines": 10, "num_statements": 10, "percent_covered": 100.0, "percent_covered_display": "100", "missing_lines": 0, "excluded_lines": 0}, "missing_lines": [], "excluded_lines": []}, "Experiment._create_report_config": {"executed_lines": [317, 318, 320, 322], "summary": {"covered_lines": 4, "num_statements": 4, "percent_covered": 100.0, "percent_covered_display": "100", "missing_lines": 0, "excluded_lines": 0}, "missing_lines": [], "excluded_lines": []}, "Experiment._create_experiment_package": {"executed_lines": [344, 347, 349, 352, 353, 354, 356, 358], "summary": {"covered_lines": 8, "num_statements": 8, "percent_covered": 100.0, "percent_covered_display": "100", "missing_lines": 0, "excluded_lines": 0}, "missing_lines": [], "excluded_lines": []}, "Experiment._execute_cloud_experiment": {"executed_lines": [363, 364, 366, 367, 368, 371, 374, 377], "summary": {"covered_lines": 8, "num_statements": 8, "percent_covered": 100.0, "percent_covered_display": "100", "missing_lines": 0, "excluded_lines": 0}, "missing_lines": [], "excluded_lines": []}, "Experiment._upload_package": {"executed_lines": [381, 382, 384, 389, 390, 391, 392, 393, 394], "summary": {"covered_lines": 9, "num_statements": 9, "percent_covered": 100.0, "percent_covered_display": "100", "missing_lines": 0, "excluded_lines": 0}, "missing_lines": [], "excluded_lines": []}, "Experiment._monitor_experiment_status": {"executed_lines": [398, 399, 401, 402, 403, 405, 406, 407, 408, 410, 411, 412, 413, 414, 415, 418, 419, 421, 422, 423, 424, 425, 426, 427, 429, 432, 433], "summary": {"covered_lines": 27, "num_statements": 28, "percent_covered": 96.42857142857143, "percent_covered_display": "96", "missing_lines": 1, "excluded_lines": 0}, "missing_lines": [430], "excluded_lines": []}, "Experiment._download_result_file": {"executed_lines": [437, 438, 439, 441, 442, 443, 444, 446, 447], "summary": {"covered_lines": 9, "num_statements": 9, "percent_covered": 100.0, "percent_covered_display": "100", "missing_lines": 0, "excluded_lines": 0}, "missing_lines": [], "excluded_lines": []}, "Experiment._download_and_unpack_results": {"executed_lines": [451, 454, 456, 458, 461, 462, 463, 464, 467, 470, 471, 472, 473, 474, 477, 480, 483, 484, 487, 488, 492, 493, 494, 495, 497], "summary": {"covered_lines": 25, "num_statements": 29, "percent_covered": 86.20689655172414, "percent_covered_display": "86", "missing_lines": 4, "excluded_lines": 0}, "missing_lines": [452, 459, 468, 489], "excluded_lines": []}, "Experiment._clean_summaries": {"executed_lines": [501, 502, 503, 504, 506, 507, 508, 510, 512, 513, 514, 515, 516, 517, 518, 520], "summary": {"covered_lines": 16, "num_statements": 21, "percent_covered": 76.19047619047619, "percent_covered_display": "76", "missing_lines": 5, "excluded_lines": 0}, "missing_lines": [509, 519, 521, 522, 523], "excluded_lines": []}, "Experiment.getExperiment": {"executed_lines": [541, 542, 545, 546, 548], "summary": {"covered_lines": 5, "num_statements": 5, "percent_covered": 100.0, "percent_covered_display": "100", "missing_lines": 0, "excluded_lines": 0}, "missing_lines": [], "excluded_lines": []}, "Experiment.snapshotSource": {"executed_lines": [563, 564, 570], "summary": {"covered_lines": 3, "num_statements": 3, "percent_covered": 100.0, "percent_covered_display": "100", "missing_lines": 0, "excluded_lines": 0}, "missing_lines": [], "excluded_lines": []}, "": {"executed_lines": [2, 9, 10, 11, 12, 13, 14, 15, 16, 17, 19, 21, 28, 29, 30, 31, 32, 34, 38, 39, 51, 92, 103, 112, 126, 152, 169, 205, 230, 279, 313, 342, 360, 379, 396, 435, 449, 499, 525, 550], "summary": {"covered_lines": 37, "num_statements": 37, "percent_covered": 100.0, "percent_covered_display": "100", "missing_lines": 0, "excluded_lines": 2}, "missing_lines": [], "excluded_lines": [34, 35]}}, "classes": {"Experiment": {"executed_lines": [63, 64, 67, 68, 69, 70, 71, 72, 75, 76, 77, 78, 79, 80, 81, 82, 83, 86, 87, 90, 94, 95, 96, 97, 98, 99, 100, 101, 110, 119, 120, 122, 123, 124, 136, 139, 140, 143, 144, 145, 146, 148, 149, 150, 162, 163, 165, 166, 167, 181, 182, 184, 185, 188, 189, 191, 192, 194, 195, 197, 198, 200, 201, 202, 203, 208, 209, 210, 213, 216, 217, 218, 221, 224, 227, 228, 232, 234, 235, 238, 239, 240, 241, 243, 246, 249, 251, 275, 277, 282, 283, 286, 287, 288, 291, 294, 301, 304, 311, 317, 318, 320, 322, 344, 347, 349, 352, 353, 354, 356, 358, 363, 364, 366, 367, 368, 371, 374, 377, 381, 382, 384, 389, 390, 391, 392, 393, 394, 398, 399, 401, 402, 403, 405, 406, 407, 408, 410, 411, 412, 413, 414, 415, 418, 419, 421, 422, 423, 424, 425, 426, 427, 429, 432, 433, 437, 438, 439, 441, 442, 443, 444, 446, 447, 451, 454, 456, 458, 461, 462, 463, 464, 467, 470, 471, 472, 473, 474, 477, 480, 483, 484, 487, 488, 492, 493, 494, 495, 497, 501, 502, 503, 504, 506, 507, 508, 510, 512, 513, 514, 515, 516, 517, 518, 520, 541, 542, 545, 546, 548, 563, 564, 570], "summary": {"covered_lines": 213, "num_statements": 223, "percent_covered": 95.51569506726457, "percent_covered_display": "96", "missing_lines": 10, "excluded_lines": 0}, "missing_lines": [430, 452, 459, 468, 489, 509, 519, 521, 522, 523], "excluded_lines": []}, "": {"executed_lines": [2, 9, 10, 11, 12, 13, 14, 15, 16, 17, 19, 21, 28, 29, 30, 31, 32, 34, 38, 39, 51, 92, 103, 112, 126, 152, 169, 205, 230, 279, 313, 342, 360, 379, 396, 435, 449, 499, 525, 550], "summary": {"covered_lines": 37, "num_statements": 37, "percent_covered": 100.0, "percent_covered_display": "100", "missing_lines": 0, "excluded_lines": 2}, "missing_lines": [], "excluded_lines": [34, 35]}}}, "atlasexplorer/network/__init__.py": {"executed_lines": [1, 3, 5], "summary": {"covered_lines": 2, "num_statements": 2, "percent_covered": 100.0, "percent_covered_display": "100", "missing_lines": 0, "excluded_lines": 0}, "missing_lines": [], "excluded_lines": [], "functions": {"": {"executed_lines": [1, 3, 5], "summary": {"covered_lines": 2, "num_statements": 2, "percent_covered": 100.0, "percent_covered_display": "100", "missing_lines": 0, "excluded_lines": 0}, "missing_lines": [], "excluded_lines": []}}, "classes": {"": {"executed_lines": [1, 3, 5], "summary": {"covered_lines": 2, "num_statements": 2, "percent_covered": 100.0, "percent_covered_display": "100", "missing_lines": 0, "excluded_lines": 0}, "missing_lines": [], "excluded_lines": []}}}, "atlasexplorer/network/api_client.py": {"executed_lines": [1, 7, 8, 9, 11, 12, 15, 16, 26, 33, 34, 35, 37, 39, 40, 41, 42, 45, 47, 63, 64, 73, 74, 75, 77, 78, 79, 80, 82, 83, 85, 86, 87, 88, 90, 103, 104, 105, 107, 108, 110, 115, 116, 117, 118, 125, 126, 128, 129, 131, 143, 144, 145, 146, 147, 149, 150, 152, 166, 167, 168, 170, 171, 174, 175, 176, 177, 178, 180, 181, 183, 184, 185, 186, 187, 188, 190, 192, 203, 204, 206, 208, 209, 210, 211, 213, 214, 215, 217, 218, 220, 222, 223, 224, 226, 228, 229, 230, 232, 234, 236, 238], "summary": {"covered_lines": 100, "num_statements": 100, "percent_covered": 100.0, "percent_covered_display": "100", "missing_lines": 0, "excluded_lines": 0}, "missing_lines": [], "excluded_lines": [], "functions": {"AtlasAPIClient.__init__": {"executed_lines": [33, 34, 35], "summary": {"covered_lines": 3, "num_statements": 3, "percent_covered": 100.0, "percent_covered_display": "100", "missing_lines": 0, "excluded_lines": 0}, "missing_lines": [], "excluded_lines": []}, "AtlasAPIClient._get_session": {"executed_lines": [39, 40, 41, 42, 45], "summary": {"covered_lines": 5, "num_statements": 5, "percent_covered": 100.0, "percent_covered_display": "100", "missing_lines": 0, "excluded_lines": 0}, "missing_lines": [], "excluded_lines": []}, "AtlasAPIClient.get_signed_urls": {"executed_lines": [63, 64, 73, 74, 75, 77, 78, 79, 80, 82, 83, 85, 86, 87, 88], "summary": {"covered_lines": 15, "num_statements": 15, "percent_covered": 100.0, "percent_covered_display": "100", "missing_lines": 0, "excluded_lines": 0}, "missing_lines": [], "excluded_lines": []}, "AtlasAPIClient.upload_file": {"executed_lines": [103, 104, 105, 107, 108, 110, 115, 116, 117, 118, 125, 126, 128, 129], "summary": {"covered_lines": 14, "num_statements": 14, "percent_covered": 100.0, "percent_covered_display": "100", "missing_lines": 0, "excluded_lines": 0}, "missing_lines": [], "excluded_lines": []}, "AtlasAPIClient.get_status": {"executed_lines": [143, 144, 145, 146, 147, 149, 150], "summary": {"covered_lines": 7, "num_statements": 7, "percent_covered": 100.0, "percent_covered_display": "100", "missing_lines": 0, "excluded_lines": 0}, "missing_lines": [], "excluded_lines": []}, "AtlasAPIClient.poll_status": {"executed_lines": [166, 167, 168, 170, 171, 174, 175, 176, 177, 178, 180, 181, 183, 184, 185, 186, 187, 188, 190], "summary": {"covered_lines": 19, "num_statements": 19, "percent_covered": 100.0, "percent_covered_display": "100", "missing_lines": 0, "excluded_lines": 0}, "missing_lines": [], "excluded_lines": []}, "AtlasAPIClient.download_file": {"executed_lines": [203, 204, 206, 208, 209, 210, 211, 213, 214, 215, 217, 218, 220, 222, 223, 224], "summary": {"covered_lines": 16, "num_statements": 16, "percent_covered": 100.0, "percent_covered_display": "100", "missing_lines": 0, "excluded_lines": 0}, "missing_lines": [], "excluded_lines": []}, "AtlasAPIClient.close": {"executed_lines": [228, 229, 230], "summary": {"covered_lines": 3, "num_statements": 3, "percent_covered": 100.0, "percent_covered_display": "100", "missing_lines": 0, "excluded_lines": 0}, "missing_lines": [], "excluded_lines": []}, "AtlasAPIClient.__enter__": {"executed_lines": [234], "summary": {"covered_lines": 1, "num_statements": 1, "percent_covered": 100.0, "percent_covered_display": "100", "missing_lines": 0, "excluded_lines": 0}, "missing_lines": [], "excluded_lines": []}, "AtlasAPIClient.__exit__": {"executed_lines": [238], "summary": {"covered_lines": 1, "num_statements": 1, "percent_covered": 100.0, "percent_covered_display": "100", "missing_lines": 0, "excluded_lines": 0}, "missing_lines": [], "excluded_lines": []}, "": {"executed_lines": [1, 7, 8, 9, 11, 12, 15, 16, 26, 37, 47, 90, 131, 152, 192, 226, 232, 236], "summary": {"covered_lines": 16, "num_statements": 16, "percent_covered": 100.0, "percent_covered_display": "100", "missing_lines": 0, "excluded_lines": 0}, "missing_lines": [], "excluded_lines": []}}, "classes": {"AtlasAPIClient": {"executed_lines": [33, 34, 35, 39, 40, 41, 42, 45, 63, 64, 73, 74, 75, 77, 78, 79, 80, 82, 83, 85, 86, 87, 88, 103, 104, 105, 107, 108, 110, 115, 116, 117, 118, 125, 126, 128, 129, 143, 144, 145, 146, 147, 149, 150, 166, 167, 168, 170, 171, 174, 175, 176, 177, 178, 180, 181, 183, 184, 185, 186, 187, 188, 190, 203, 204, 206, 208, 209, 210, 211, 213, 214, 215, 217, 218, 220, 222, 223, 224, 228, 229, 230, 234, 238], "summary": {"covered_lines": 84, "num_statements": 84, "percent_covered": 100.0, "percent_covered_display": "100", "missing_lines": 0, "excluded_lines": 0}, "missing_lines": [], "excluded_lines": []}, "": {"executed_lines": [1, 7, 8, 9, 11, 12, 15, 16, 26, 37, 47, 90, 131, 152, 192, 226, 232, 236], "summary": {"covered_lines": 16, "num_statements": 16, "percent_covered": 100.0, "percent_covered_display": "100", "missing_lines": 0, "excluded_lines": 0}, "missing_lines": [], "excluded_lines": []}}}, "atlasexplorer/security/__init__.py": {"executed_lines": [1, 3, 5], "summary": {"covered_lines": 2, "num_statements": 2, "percent_covered": 100.0, "percent_covered_display": "100", "missing_lines": 0, "excluded_lines": 0}, "missing_lines": [], "excluded_lines": [], "functions": {"": {"executed_lines": [1, 3, 5], "summary": {"covered_lines": 2, "num_statements": 2, "percent_covered": 100.0, "percent_covered_display": "100", "missing_lines": 0, "excluded_lines": 0}, "missing_lines": [], "excluded_lines": []}}, "classes": {"": {"executed_lines": [1, 3, 5], "summary": {"covered_lines": 2, "num_statements": 2, "percent_covered": 100.0, "percent_covered_display": "100", "missing_lines": 0, "excluded_lines": 0}, "missing_lines": [], "excluded_lines": []}}}, "atlasexplorer/security/encryption.py": {"executed_lines": [1, 8, 9, 10, 11, 13, 14, 15, 16, 17, 19, 20, 23, 24, 33, 39, 41, 57, 58, 59, 60, 63, 64, 68, 69, 72, 73, 74, 75, 76, 79, 80, 83, 84, 87, 88, 96, 97, 100, 101, 104, 105, 106, 107, 110, 112, 113, 115, 117, 118, 119, 121, 122, 123, 124, 126, 141, 142, 143, 144, 147, 148, 149, 150, 151, 153, 154, 157, 158, 159, 162, 163, 171, 172, 173, 176, 177, 178, 179, 180, 183, 184, 185, 186, 189, 191, 192, 194, 196, 197, 198, 200, 201, 202, 203, 205, 206, 212, 214, 215, 221, 222, 223, 225, 227, 228, 229, 232, 233, 235, 236, 237, 238], "summary": {"covered_lines": 111, "num_statements": 111, "percent_covered": 100.0, "percent_covered_display": "100", "missing_lines": 0, "excluded_lines": 0}, "missing_lines": [], "excluded_lines": [], "functions": {"SecureEncryption.__init__": {"executed_lines": [39], "summary": {"covered_lines": 1, "num_statements": 1, "percent_covered": 100.0, "percent_covered_display": "100", "missing_lines": 0, "excluded_lines": 0}, "missing_lines": [], "excluded_lines": []}, "SecureEncryption.hybrid_encrypt_file": {"executed_lines": [57, 58, 59, 60, 63, 64, 68, 69, 72, 73, 74, 75, 76, 79, 80, 83, 84, 87, 88, 96, 97, 100, 101, 104, 105, 106, 107, 110, 112, 113, 115, 117, 118, 119, 121, 122, 123, 124], "summary": {"covered_lines": 38, "num_statements": 38, "percent_covered": 100.0, "percent_covered_display": "100", "missing_lines": 0, "excluded_lines": 0}, "missing_lines": [], "excluded_lines": []}, "SecureEncryption.decrypt_file_with_password": {"executed_lines": [141, 142, 143, 144, 147, 148, 149, 150, 151, 153, 154, 157, 158, 159, 162, 163, 171, 172, 173, 176, 177, 178, 179, 180, 183, 184, 185, 186, 189, 191, 192, 194, 196, 197, 198, 200, 201, 202, 203], "summary": {"covered_lines": 39, "num_statements": 39, "percent_covered": 100.0, "percent_covered_display": "100", "missing_lines": 0, "excluded_lines": 0}, "missing_lines": [], "excluded_lines": []}, "SecureEncryption.generate_salt": {"executed_lines": [212], "summary": {"covered_lines": 1, "num_statements": 1, "percent_covered": 100.0, "percent_covered_display": "100", "missing_lines": 0, "excluded_lines": 0}, "missing_lines": [], "excluded_lines": []}, "SecureEncryption.secure_delete": {"executed_lines": [221, 222, 223, 225, 227, 228, 229, 232, 233, 235, 236, 237, 238], "summary": {"covered_lines": 13, "num_statements": 13, "percent_covered": 100.0, "percent_covered_display": "100", "missing_lines": 0, "excluded_lines": 0}, "missing_lines": [], "excluded_lines": []}, "": {"executed_lines": [1, 8, 9, 10, 11, 13, 14, 15, 16, 17, 19, 20, 23, 24, 33, 41, 126, 205, 206, 214, 215], "summary": {"covered_lines": 19, "num_statements": 19, "percent_covered": 100.0, "percent_covered_display": "100", "missing_lines": 0, "excluded_lines": 0}, "missing_lines": [], "excluded_lines": []}}, "classes": {"SecureEncryption": {"executed_lines": [39, 57, 58, 59, 60, 63, 64, 68, 69, 72, 73, 74, 75, 76, 79, 80, 83, 84, 87, 88, 96, 97, 100, 101, 104, 105, 106, 107, 110, 112, 113, 115, 117, 118, 119, 121, 122, 123, 124, 141, 142, 143, 144, 147, 148, 149, 150, 151, 153, 154, 157, 158, 159, 162, 163, 171, 172, 173, 176, 177, 178, 179, 180, 183, 184, 185, 186, 189, 191, 192, 194, 196, 197, 198, 200, 201, 202, 203, 212, 221, 222, 223, 225, 227, 228, 229, 232, 233, 235, 236, 237, 238], "summary": {"covered_lines": 92, "num_statements": 92, "percent_covered": 100.0, "percent_covered_display": "100", "missing_lines": 0, "excluded_lines": 0}, "missing_lines": [], "excluded_lines": []}, "": {"executed_lines": [1, 8, 9, 10, 11, 13, 14, 15, 16, 17, 19, 20, 23, 24, 33, 41, 126, 205, 206, 214, 215], "summary": {"covered_lines": 19, "num_statements": 19, "percent_covered": 100.0, "percent_covered_display": "100", "missing_lines": 0, "excluded_lines": 0}, "missing_lines": [], "excluded_lines": []}}}, "atlasexplorer/utils/__init__.py": {"executed_lines": [1, 3, 13], "summary": {"covered_lines": 2, "num_statements": 2, "percent_covered": 100.0, "percent_covered_display": "100", "missing_lines": 0, "excluded_lines": 0}, "missing_lines": [], "excluded_lines": [], "functions": {"": {"executed_lines": [1, 3, 13], "summary": {"covered_lines": 2, "num_statements": 2, "percent_covered": 100.0, "percent_covered_display": "100", "missing_lines": 0, "excluded_lines": 0}, "missing_lines": [], "excluded_lines": []}}, "classes": {"": {"executed_lines": [1, 3, 13], "summary": {"covered_lines": 2, "num_statements": 2, "percent_covered": 100.0, "percent_covered_display": "100", "missing_lines": 0, "excluded_lines": 0}, "missing_lines": [], "excluded_lines": []}}}, "atlasexplorer/utils/deprecation.py": {"executed_lines": [1, 8, 9, 10, 11, 12, 13, 16, 17, 18, 21, 22, 25, 26, 27, 28, 29, 30, 31, 34, 35, 37, 38, 39, 41, 43, 46, 48, 49, 63, 65, 66, 68, 70, 73, 74, 75, 82, 92, 94, 97, 100, 102, 104, 105, 107, 112, 115, 117, 120, 129, 130, 132, 133, 134, 135, 136, 137, 139, 144, 146, 147, 148, 151, 173, 178, 181, 184, 193, 197], "summary": {"covered_lines": 66, "num_statements": 101, "percent_covered": 65.34653465346534, "percent_covered_display": "65", "missing_lines": 35, "excluded_lines": 0}, "missing_lines": [44, 47, 50, 51, 52, 53, 54, 55, 56, 57, 58, 59, 61, 71, 85, 90, 95, 98, 108, 155, 156, 157, 158, 159, 160, 161, 163, 168, 169, 170, 185, 186, 187, 188, 191], "excluded_lines": [], "functions": {"AtlasExplorerDeprecationWarning.__init__": {"executed_lines": [38, 39], "summary": {"covered_lines": 2, "num_statements": 2, "percent_covered": 100.0, "percent_covered_display": "100", "missing_lines": 0, "excluded_lines": 0}, "missing_lines": [], "excluded_lines": []}, "AtlasExplorerDeprecationWarning.get_current_phase": {"executed_lines": [43, 46, 48, 49], "summary": {"covered_lines": 4, "num_statements": 17, "percent_covered": 23.529411764705884, "percent_covered_display": "24", "missing_lines": 13, "excluded_lines": 0}, "missing_lines": [44, 47, 50, 51, 52, 53, 54, 55, 56, 57, 58, 59, 61], "excluded_lines": []}, "AtlasExplorerDeprecationWarning.get_warning_message": {"executed_lines": [65, 66, 68, 70, 73, 74, 75, 82], "summary": {"covered_lines": 8, "num_statements": 11, "percent_covered": 72.72727272727273, "percent_covered_display": "73", "missing_lines": 3, "excluded_lines": 0}, "missing_lines": [71, 85, 90], "excluded_lines": []}, "AtlasExplorerDeprecationWarning.show_deprecation_warning": {"executed_lines": [94, 97, 100, 102, 104, 105, 107], "summary": {"covered_lines": 7, "num_statements": 10, "percent_covered": 70.0, "percent_covered_display": "70", "missing_lines": 3, "excluded_lines": 0}, "missing_lines": [95, 98, 108], "excluded_lines": []}, "show_monolithic_deprecation_warning": {"executed_lines": [117], "summary": {"covered_lines": 1, "num_statements": 1, "percent_covered": 100.0, "percent_covered_display": "100", "missing_lines": 0, "excluded_lines": 0}, "missing_lines": [], "excluded_lines": []}, "deprecated_class": {"executed_lines": [129, 148], "summary": {"covered_lines": 2, "num_statements": 2, "percent_covered": 100.0, "percent_covered_display": "100", "missing_lines": 0, "excluded_lines": 0}, "missing_lines": [], "excluded_lines": []}, "deprecated_class.decorator": {"executed_lines": [130, 132, 133, 146, 147], "summary": {"covered_lines": 5, "num_statements": 5, "percent_covered": 100.0, "percent_covered_display": "100", "missing_lines": 0, "excluded_lines": 0}, "missing_lines": [], "excluded_lines": []}, "deprecated_class.decorator.wrapper": {"executed_lines": [134, 135, 136, 137, 139, 144], "summary": {"covered_lines": 6, "num_statements": 6, "percent_covered": 100.0, "percent_covered_display": "100", "missing_lines": 0, "excluded_lines": 0}, "missing_lines": [], "excluded_lines": []}, "deprecated_function": {"executed_lines": [], "summary": {"covered_lines": 0, "num_statements": 3, "percent_covered": 0.0, "percent_covered_display": "0", "missing_lines": 3, "excluded_lines": 0}, "missing_lines": [155, 156, 170], "excluded_lines": []}, "deprecated_function.decorator": {"executed_lines": [], "summary": {"covered_lines": 0, "num_statements": 2, "percent_covered": 0.0, "percent_covered_display": "0", "missing_lines": 2, "excluded_lines": 0}, "missing_lines": [157, 169], "excluded_lines": []}, "deprecated_function.decorator.wrapper": {"executed_lines": [], "summary": {"covered_lines": 0, "num_statements": 6, "percent_covered": 0.0, "percent_covered_display": "0", "missing_lines": 6, "excluded_lines": 0}, "missing_lines": [158, 159, 160, 161, 163, 168], "excluded_lines": []}, "configure_deprecation_warnings": {"executed_lines": [178, 181, 184, 193], "summary": {"covered_lines": 4, "num_statements": 4, "percent_covered": 100.0, "percent_covered_display": "100", "missing_lines": 0, "excluded_lines": 0}, "missing_lines": [], "excluded_lines": []}, "configure_deprecation_warnings.custom_warning_handler": {"executed_lines": [], "summary": {"covered_lines": 0, "num_statements": 5, "percent_covered": 0.0, "percent_covered_display": "0", "missing_lines": 5, "excluded_lines": 0}, "missing_lines": [185, 186, 187, 188, 191], "excluded_lines": []}, "": {"executed_lines": [1, 8, 9, 10, 11, 12, 13, 16, 17, 18, 21, 22, 25, 26, 27, 28, 29, 30, 31, 34, 35, 37, 41, 63, 92, 112, 115, 120, 151, 173, 197], "summary": {"covered_lines": 27, "num_statements": 27, "percent_covered": 100.0, "percent_covered_display": "100", "missing_lines": 0, "excluded_lines": 0}, "missing_lines": [], "excluded_lines": []}}, "classes": {"AtlasDeprecationWarning": {"executed_lines": [], "summary": {"covered_lines": 0, "num_statements": 0, "percent_covered": 100.0, "percent_covered_display": "100", "missing_lines": 0, "excluded_lines": 0}, "missing_lines": [], "excluded_lines": []}, "DeprecationPhase": {"executed_lines": [], "summary": {"covered_lines": 0, "num_statements": 0, "percent_covered": 100.0, "percent_covered_display": "100", "missing_lines": 0, "excluded_lines": 0}, "missing_lines": [], "excluded_lines": []}, "AtlasExplorerDeprecationWarning": {"executed_lines": [38, 39, 43, 46, 48, 49, 65, 66, 68, 70, 73, 74, 75, 82, 94, 97, 100, 102, 104, 105, 107], "summary": {"covered_lines": 21, "num_statements": 40, "percent_covered": 52.5, "percent_covered_display": "52", "missing_lines": 19, "excluded_lines": 0}, "missing_lines": [44, 47, 50, 51, 52, 53, 54, 55, 56, 57, 58, 59, 61, 71, 85, 90, 95, 98, 108], "excluded_lines": []}, "": {"executed_lines": [1, 8, 9, 10, 11, 12, 13, 16, 17, 18, 21, 22, 25, 26, 27, 28, 29, 30, 31, 34, 35, 37, 41, 63, 92, 112, 115, 117, 120, 129, 130, 132, 133, 134, 135, 136, 137, 139, 144, 146, 147, 148, 151, 173, 178, 181, 184, 193, 197], "summary": {"covered_lines": 45, "num_statements": 61, "percent_covered": 73.77049180327869, "percent_covered_display": "74", "missing_lines": 16, "excluded_lines": 0}, "missing_lines": [155, 156, 157, 158, 159, 160, 161, 163, 168, 169, 170, 185, 186, 187, 188, 191], "excluded_lines": []}}}, "atlasexplorer/utils/exceptions.py": {"executed_lines": [1, 7, 10, 11, 17, 18, 19, 20, 23, 24, 29, 32, 33, 39, 41, 42, 43, 46, 47, 52, 55, 56, 62, 63, 64, 67, 68, 74, 75, 76, 79, 80, 85], "summary": {"covered_lines": 25, "num_statements": 25, "percent_covered": 100.0, "percent_covered_display": "100", "missing_lines": 0, "excluded_lines": 0}, "missing_lines": [], "excluded_lines": [], "functions": {"AtlasExplorerError.__init__": {"executed_lines": [18, 19, 20], "summary": {"covered_lines": 3, "num_statements": 3, "percent_covered": 100.0, "percent_covered_display": "100", "missing_lines": 0, "excluded_lines": 0}, "missing_lines": [], "excluded_lines": []}, "NetworkError.__init__": {"executed_lines": [41, 42, 43], "summary": {"covered_lines": 3, "num_statements": 3, "percent_covered": 100.0, "percent_covered_display": "100", "missing_lines": 0, "excluded_lines": 0}, "missing_lines": [], "excluded_lines": []}, "ELFValidationError.__init__": {"executed_lines": [63, 64], "summary": {"covered_lines": 2, "num_statements": 2, "percent_covered": 100.0, "percent_covered_display": "100", "missing_lines": 0, "excluded_lines": 0}, "missing_lines": [], "excluded_lines": []}, "ExperimentError.__init__": {"executed_lines": [75, 76], "summary": {"covered_lines": 2, "num_statements": 2, "percent_covered": 100.0, "percent_covered_display": "100", "missing_lines": 0, "excluded_lines": 0}, "missing_lines": [], "excluded_lines": []}, "": {"executed_lines": [1, 7, 10, 11, 17, 23, 24, 29, 32, 33, 39, 46, 47, 52, 55, 56, 62, 67, 68, 74, 79, 80, 85], "summary": {"covered_lines": 15, "num_statements": 15, "percent_covered": 100.0, "percent_covered_display": "100", "missing_lines": 0, "excluded_lines": 0}, "missing_lines": [], "excluded_lines": []}}, "classes": {"AtlasExplorerError": {"executed_lines": [18, 19, 20], "summary": {"covered_lines": 3, "num_statements": 3, "percent_covered": 100.0, "percent_covered_display": "100", "missing_lines": 0, "excluded_lines": 0}, "missing_lines": [], "excluded_lines": []}, "AuthenticationError": {"executed_lines": [], "summary": {"covered_lines": 0, "num_statements": 0, "percent_covered": 100.0, "percent_covered_display": "100", "missing_lines": 0, "excluded_lines": 0}, "missing_lines": [], "excluded_lines": []}, "NetworkError": {"executed_lines": [41, 42, 43], "summary": {"covered_lines": 3, "num_statements": 3, "percent_covered": 100.0, "percent_covered_display": "100", "missing_lines": 0, "excluded_lines": 0}, "missing_lines": [], "excluded_lines": []}, "EncryptionError": {"executed_lines": [], "summary": {"covered_lines": 0, "num_statements": 0, "percent_covered": 100.0, "percent_covered_display": "100", "missing_lines": 0, "excluded_lines": 0}, "missing_lines": [], "excluded_lines": []}, "ELFValidationError": {"executed_lines": [63, 64], "summary": {"covered_lines": 2, "num_statements": 2, "percent_covered": 100.0, "percent_covered_display": "100", "missing_lines": 0, "excluded_lines": 0}, "missing_lines": [], "excluded_lines": []}, "ExperimentError": {"executed_lines": [75, 76], "summary": {"covered_lines": 2, "num_statements": 2, "percent_covered": 100.0, "percent_covered_display": "100", "missing_lines": 0, "excluded_lines": 0}, "missing_lines": [], "excluded_lines": []}, "ConfigurationError": {"executed_lines": [], "summary": {"covered_lines": 0, "num_statements": 0, "percent_covered": 100.0, "percent_covered_display": "100", "missing_lines": 0, "excluded_lines": 0}, "missing_lines": [], "excluded_lines": []}, "": {"executed_lines": [1, 7, 10, 11, 17, 23, 24, 29, 32, 33, 39, 46, 47, 52, 55, 56, 62, 67, 68, 74, 79, 80, 85], "summary": {"covered_lines": 15, "num_statements": 15, "percent_covered": 100.0, "percent_covered_display": "100", "missing_lines": 0, "excluded_lines": 0}, "missing_lines": [], "excluded_lines": []}}}, "atlasexplorer/utils/legacy.py": {"executed_lines": [1, 8, 9, 10, 11, 12, 13, 16, 21, 22, 26, 29, 34, 35, 39, 42, 47, 48, 52, 55, 60, 61, 65, 75, 80, 81, 86, 90, 94, 98, 102], "summary": {"covered_lines": 25, "num_statements": 31, "percent_covered": 80.64516129032258, "percent_covered_display": "81", "missing_lines": 6, "excluded_lines": 0}, "missing_lines": [67, 88, 92, 96, 100, 104], "excluded_lines": [], "functions": {"LegacyExperiment.cleanSummaries": {"executed_lines": [], "summary": {"covered_lines": 0, "num_statements": 1, "percent_covered": 0.0, "percent_covered_display": "0", "missing_lines": 1, "excluded_lines": 0}, "missing_lines": [67], "excluded_lines": []}, "LegacySummaryReport.getMetricKeys": {"executed_lines": [], "summary": {"covered_lines": 0, "num_statements": 1, "percent_covered": 0.0, "percent_covered_display": "0", "missing_lines": 1, "excluded_lines": 0}, "missing_lines": [88], "excluded_lines": []}, "LegacySummaryReport.getMetricValue": {"executed_lines": [], "summary": {"covered_lines": 0, "num_statements": 1, "percent_covered": 0.0, "percent_covered_display": "0", "missing_lines": 1, "excluded_lines": 0}, "missing_lines": [92], "excluded_lines": []}, "LegacySummaryReport.getTotalCycles": {"executed_lines": [], "summary": {"covered_lines": 0, "num_statements": 1, "percent_covered": 0.0, "percent_covered_display": "0", "missing_lines": 1, "excluded_lines": 0}, "missing_lines": [96], "excluded_lines": []}, "LegacySummaryReport.getTotalInstructions": {"executed_lines": [], "summary": {"covered_lines": 0, "num_statements": 1, "percent_covered": 0.0, "percent_covered_display": "0", "missing_lines": 1, "excluded_lines": 0}, "missing_lines": [100], "excluded_lines": []}, "LegacySummaryReport.printMetrics": {"executed_lines": [], "summary": {"covered_lines": 0, "num_statements": 1, "percent_covered": 0.0, "percent_covered_display": "0", "missing_lines": 1, "excluded_lines": 0}, "missing_lines": [104], "excluded_lines": []}, "": {"executed_lines": [1, 8, 9, 10, 11, 12, 13, 16, 21, 22, 26, 29, 34, 35, 39, 42, 47, 48, 52, 55, 60, 61, 65, 75, 80, 81, 86, 90, 94, 98, 102], "summary": {"covered_lines": 25, "num_statements": 25, "percent_covered": 100.0, "percent_covered_display": "100", "missing_lines": 0, "excluded_lines": 0}, "missing_lines": [], "excluded_lines": []}}, "classes": {"LegacyAtlasConfig": {"executed_lines": [], "summary": {"covered_lines": 0, "num_statements": 0, "percent_covered": 100.0, "percent_covered_display": "100", "missing_lines": 0, "excluded_lines": 0}, "missing_lines": [], "excluded_lines": []}, "LegacyAtlasConstants": {"executed_lines": [], "summary": {"covered_lines": 0, "num_statements": 0, "percent_covered": 100.0, "percent_covered_display": "100", "missing_lines": 0, "excluded_lines": 0}, "missing_lines": [], "excluded_lines": []}, "LegacyAtlasExplorer": {"executed_lines": [], "summary": {"covered_lines": 0, "num_statements": 0, "percent_covered": 100.0, "percent_covered_display": "100", "missing_lines": 0, "excluded_lines": 0}, "missing_lines": [], "excluded_lines": []}, "LegacyExperiment": {"executed_lines": [], "summary": {"covered_lines": 0, "num_statements": 1, "percent_covered": 0.0, "percent_covered_display": "0", "missing_lines": 1, "excluded_lines": 0}, "missing_lines": [67], "excluded_lines": []}, "LegacySummaryReport": {"executed_lines": [], "summary": {"covered_lines": 0, "num_statements": 5, "percent_covered": 0.0, "percent_covered_display": "0", "missing_lines": 5, "excluded_lines": 0}, "missing_lines": [88, 92, 96, 100, 104], "excluded_lines": []}, "": {"executed_lines": [1, 8, 9, 10, 11, 12, 13, 16, 21, 22, 26, 29, 34, 35, 39, 42, 47, 48, 52, 55, 60, 61, 65, 75, 80, 81, 86, 90, 94, 98, 102], "summary": {"covered_lines": 25, "num_statements": 25, "percent_covered": 100.0, "percent_covered_display": "100", "missing_lines": 0, "excluded_lines": 0}, "missing_lines": [], "excluded_lines": []}}}}, "totals": {"covered_lines": 1617, "num_statements": 1925, "percent_covered": 84.0, "percent_covered_display": "84", "missing_lines": 308, "excluded_lines": 2}}